[2024-01-07 18:49:34,277] {taskinstance.py:1179} INFO - Dependencies all met for <TaskInstance: Lead_scoring_training_pipeline.encoding_categorical_variables manual__2024-01-07T18:49:29.134823+00:00 [queued]>
[2024-01-07 18:49:34,292] {taskinstance.py:1179} INFO - Dependencies all met for <TaskInstance: Lead_scoring_training_pipeline.encoding_categorical_variables manual__2024-01-07T18:49:29.134823+00:00 [queued]>
[2024-01-07 18:49:34,292] {taskinstance.py:1376} INFO - 
--------------------------------------------------------------------------------
[2024-01-07 18:49:34,292] {taskinstance.py:1377} INFO - Starting attempt 1 of 2
[2024-01-07 18:49:34,292] {taskinstance.py:1378} INFO - 
--------------------------------------------------------------------------------
[2024-01-07 18:49:34,317] {taskinstance.py:1397} INFO - Executing <Task(PythonOperator): encoding_categorical_variables> on 2024-01-07 18:49:29.134823+00:00
[2024-01-07 18:49:34,325] {standard_task_runner.py:52} INFO - Started process 7202 to run task
[2024-01-07 18:49:34,328] {standard_task_runner.py:79} INFO - Running: ['airflow', 'tasks', 'run', 'Lead_scoring_training_pipeline', 'encoding_categorical_variables', 'manual__2024-01-07T18:49:29.134823+00:00', '--job-id', '36', '--raw', '--subdir', 'DAGS_FOLDER/lead_scoring_training_pipeline/.ipynb_checkpoints/lead_scoring_training_pipeline-checkpoint.py', '--cfg-path', '/tmp/tmp24eox3ww', '--error-file', '/tmp/tmp4hlfh4lf']
[2024-01-07 18:49:34,328] {standard_task_runner.py:80} INFO - Job 36: Subtask encoding_categorical_variables
[2024-01-07 18:49:34,412] {task_command.py:371} INFO - Running <TaskInstance: Lead_scoring_training_pipeline.encoding_categorical_variables manual__2024-01-07T18:49:29.134823+00:00 [running]> on host a3830b6d5f93
[2024-01-07 18:49:34,511] {taskinstance.py:1589} INFO - Exporting the following env vars:
AIRFLOW_CTX_DAG_OWNER=airflow
AIRFLOW_CTX_DAG_ID=Lead_scoring_training_pipeline
AIRFLOW_CTX_TASK_ID=encoding_categorical_variables
AIRFLOW_CTX_EXECUTION_DATE=2024-01-07T18:49:29.134823+00:00
AIRFLOW_CTX_TRY_NUMBER=1
AIRFLOW_CTX_DAG_RUN_ID=manual__2024-01-07T18:49:29.134823+00:00
[2024-01-07 18:49:34,525] {logging_mixin.py:115} INFO - model_input table already populated
[2024-01-07 18:49:34,526] {python.py:173} INFO - Done. Returned value was: None
[2024-01-07 18:49:34,542] {taskinstance.py:1415} INFO - Marking task as SUCCESS. dag_id=Lead_scoring_training_pipeline, task_id=encoding_categorical_variables, execution_date=20240107T184929, start_date=20240107T184934, end_date=20240107T184934
[2024-01-07 18:49:34,620] {local_task_job.py:156} INFO - Task exited with return code 0
[2024-01-07 18:49:34,686] {local_task_job.py:273} INFO - 1 downstream tasks scheduled from follow-on schedule check
