[2024-01-07 15:00:02,379] {taskinstance.py:1179} INFO - Dependencies all met for <TaskInstance: Lead_Scoring_Data_Engineering_Pipeline.mapping_interactions manual__2024-01-07T14:59:47.218710+00:00 [queued]>
[2024-01-07 15:00:02,391] {taskinstance.py:1179} INFO - Dependencies all met for <TaskInstance: Lead_Scoring_Data_Engineering_Pipeline.mapping_interactions manual__2024-01-07T14:59:47.218710+00:00 [queued]>
[2024-01-07 15:00:02,391] {taskinstance.py:1376} INFO - 
--------------------------------------------------------------------------------
[2024-01-07 15:00:02,391] {taskinstance.py:1377} INFO - Starting attempt 1 of 2
[2024-01-07 15:00:02,391] {taskinstance.py:1378} INFO - 
--------------------------------------------------------------------------------
[2024-01-07 15:00:02,412] {taskinstance.py:1397} INFO - Executing <Task(PythonOperator): mapping_interactions> on 2024-01-07 14:59:47.218710+00:00
[2024-01-07 15:00:02,417] {standard_task_runner.py:52} INFO - Started process 1209 to run task
[2024-01-07 15:00:02,421] {standard_task_runner.py:79} INFO - Running: ['airflow', 'tasks', 'run', 'Lead_Scoring_Data_Engineering_Pipeline', 'mapping_interactions', 'manual__2024-01-07T14:59:47.218710+00:00', '--job-id', '24', '--raw', '--subdir', 'DAGS_FOLDER/lead_scoring_data_pipeline/.ipynb_checkpoints/lead_scoring_data_pipeline-checkpoint.py', '--cfg-path', '/tmp/tmp7dqg5375', '--error-file', '/tmp/tmpr2v59g19']
[2024-01-07 15:00:02,422] {standard_task_runner.py:80} INFO - Job 24: Subtask mapping_interactions
[2024-01-07 15:00:02,485] {task_command.py:371} INFO - Running <TaskInstance: Lead_Scoring_Data_Engineering_Pipeline.mapping_interactions manual__2024-01-07T14:59:47.218710+00:00 [running]> on host 100770deae72
[2024-01-07 15:00:02,560] {taskinstance.py:1589} INFO - Exporting the following env vars:
AIRFLOW_CTX_DAG_OWNER=airflow
AIRFLOW_CTX_DAG_ID=Lead_Scoring_Data_Engineering_Pipeline
AIRFLOW_CTX_TASK_ID=mapping_interactions
AIRFLOW_CTX_EXECUTION_DATE=2024-01-07T14:59:47.218710+00:00
AIRFLOW_CTX_TRY_NUMBER=1
AIRFLOW_CTX_DAG_RUN_ID=manual__2024-01-07T14:59:47.218710+00:00
[2024-01-07 15:00:06,145] {logging_mixin.py:115} INFO - categorical_variables_mapped table loaded
[2024-01-07 15:00:29,567] {logging_mixin.py:115} INFO - Storing trimmed df to table model_input
[2024-01-07 15:00:30,782] {python.py:173} INFO - Done. Returned value was: None
[2024-01-07 15:00:30,793] {taskinstance.py:1415} INFO - Marking task as SUCCESS. dag_id=Lead_Scoring_Data_Engineering_Pipeline, task_id=mapping_interactions, execution_date=20240107T145947, start_date=20240107T150002, end_date=20240107T150030
[2024-01-07 15:00:30,854] {local_task_job.py:156} INFO - Task exited with return code 0
[2024-01-07 15:00:30,898] {local_task_job.py:273} INFO - 1 downstream tasks scheduled from follow-on schedule check
