[2024-01-07 19:49:10,757] {processor.py:153} INFO - Started process (PID=13232) to work on /home/dags/lead_scoring_inference_pipeline/utils.py
[2024-01-07 19:49:10,758] {processor.py:641} INFO - Processing file /home/dags/lead_scoring_inference_pipeline/utils.py for tasks to queue
[2024-01-07 19:49:10,758] {logging_mixin.py:115} INFO - [2024-01-07 19:49:10,758] {dagbag.py:508} INFO - Filling up the DagBag from /home/dags/lead_scoring_inference_pipeline/utils.py
[2024-01-07 19:49:11,423] {logging_mixin.py:115} INFO - [2024-01-07 19:49:11,423] {utils.py:145} INFO - Note: NumExpr detected 64 cores but "NUMEXPR_MAX_THREADS" not set, so enforcing safe limit of 8.
[2024-01-07 19:49:11,424] {logging_mixin.py:115} INFO - [2024-01-07 19:49:11,423] {utils.py:157} INFO - NumExpr defaulting to 8 threads.
[2024-01-07 19:49:11,584] {logging_mixin.py:115} INFO - [2024-01-07 19:49:11,583] {dagbag.py:321} ERROR - Failed to import: /home/dags/lead_scoring_inference_pipeline/utils.py
Traceback (most recent call last):
  File "/opt/conda/lib/python3.8/site-packages/airflow/models/dagbag.py", line 318, in parse
    loader.exec_module(new_module)
  File "<frozen importlib._bootstrap_external>", line 843, in exec_module
  File "<frozen importlib._bootstrap>", line 219, in _call_with_frames_removed
  File "/home/dags/lead_scoring_inference_pipeline/utils.py", line 24, in <module>
    from dags.lead_scoring_inference_pipeline.constants import *
ModuleNotFoundError: No module named 'dags'
[2024-01-07 19:49:11,585] {processor.py:653} WARNING - No viable dags retrieved from /home/dags/lead_scoring_inference_pipeline/utils.py
[2024-01-07 19:49:11,616] {processor.py:161} INFO - Processing /home/dags/lead_scoring_inference_pipeline/utils.py took 0.862 seconds
[2024-01-07 19:49:59,908] {processor.py:153} INFO - Started process (PID=13325) to work on /home/dags/lead_scoring_inference_pipeline/utils.py
[2024-01-07 19:49:59,908] {processor.py:641} INFO - Processing file /home/dags/lead_scoring_inference_pipeline/utils.py for tasks to queue
[2024-01-07 19:49:59,909] {logging_mixin.py:115} INFO - [2024-01-07 19:49:59,909] {dagbag.py:508} INFO - Filling up the DagBag from /home/dags/lead_scoring_inference_pipeline/utils.py
[2024-01-07 19:50:00,574] {logging_mixin.py:115} INFO - [2024-01-07 19:50:00,573] {utils.py:145} INFO - Note: NumExpr detected 64 cores but "NUMEXPR_MAX_THREADS" not set, so enforcing safe limit of 8.
[2024-01-07 19:50:00,574] {logging_mixin.py:115} INFO - [2024-01-07 19:50:00,574] {utils.py:157} INFO - NumExpr defaulting to 8 threads.
[2024-01-07 19:50:00,736] {logging_mixin.py:115} INFO - [2024-01-07 19:50:00,735] {dagbag.py:321} ERROR - Failed to import: /home/dags/lead_scoring_inference_pipeline/utils.py
Traceback (most recent call last):
  File "/opt/conda/lib/python3.8/site-packages/airflow/models/dagbag.py", line 318, in parse
    loader.exec_module(new_module)
  File "<frozen importlib._bootstrap_external>", line 843, in exec_module
  File "<frozen importlib._bootstrap>", line 219, in _call_with_frames_removed
  File "/home/dags/lead_scoring_inference_pipeline/utils.py", line 24, in <module>
    from dags.lead_scoring_inference_pipeline.constants import *
ModuleNotFoundError: No module named 'dags'
[2024-01-07 19:50:00,736] {processor.py:653} WARNING - No viable dags retrieved from /home/dags/lead_scoring_inference_pipeline/utils.py
[2024-01-07 19:50:00,767] {processor.py:161} INFO - Processing /home/dags/lead_scoring_inference_pipeline/utils.py took 0.863 seconds
[2024-01-07 19:50:20,690] {processor.py:153} INFO - Started process (PID=13365) to work on /home/dags/lead_scoring_inference_pipeline/utils.py
[2024-01-07 19:50:20,691] {processor.py:641} INFO - Processing file /home/dags/lead_scoring_inference_pipeline/utils.py for tasks to queue
[2024-01-07 19:50:20,691] {logging_mixin.py:115} INFO - [2024-01-07 19:50:20,691] {dagbag.py:508} INFO - Filling up the DagBag from /home/dags/lead_scoring_inference_pipeline/utils.py
[2024-01-07 19:50:21,375] {logging_mixin.py:115} INFO - [2024-01-07 19:50:21,375] {utils.py:145} INFO - Note: NumExpr detected 64 cores but "NUMEXPR_MAX_THREADS" not set, so enforcing safe limit of 8.
[2024-01-07 19:50:21,376] {logging_mixin.py:115} INFO - [2024-01-07 19:50:21,376] {utils.py:157} INFO - NumExpr defaulting to 8 threads.
[2024-01-07 19:50:21,550] {processor.py:653} WARNING - No viable dags retrieved from /home/dags/lead_scoring_inference_pipeline/utils.py
[2024-01-07 19:50:21,574] {processor.py:161} INFO - Processing /home/dags/lead_scoring_inference_pipeline/utils.py took 0.887 seconds
[2024-01-07 19:51:09,741] {processor.py:153} INFO - Started process (PID=13458) to work on /home/dags/lead_scoring_inference_pipeline/utils.py
[2024-01-07 19:51:09,741] {processor.py:641} INFO - Processing file /home/dags/lead_scoring_inference_pipeline/utils.py for tasks to queue
[2024-01-07 19:51:09,742] {logging_mixin.py:115} INFO - [2024-01-07 19:51:09,742] {dagbag.py:508} INFO - Filling up the DagBag from /home/dags/lead_scoring_inference_pipeline/utils.py
[2024-01-07 19:51:10,416] {logging_mixin.py:115} INFO - [2024-01-07 19:51:10,416] {utils.py:145} INFO - Note: NumExpr detected 64 cores but "NUMEXPR_MAX_THREADS" not set, so enforcing safe limit of 8.
[2024-01-07 19:51:10,416] {logging_mixin.py:115} INFO - [2024-01-07 19:51:10,416] {utils.py:157} INFO - NumExpr defaulting to 8 threads.
[2024-01-07 19:51:10,588] {processor.py:653} WARNING - No viable dags retrieved from /home/dags/lead_scoring_inference_pipeline/utils.py
[2024-01-07 19:51:10,607] {processor.py:161} INFO - Processing /home/dags/lead_scoring_inference_pipeline/utils.py took 0.869 seconds
[2024-01-07 19:51:59,083] {processor.py:153} INFO - Started process (PID=13636) to work on /home/dags/lead_scoring_inference_pipeline/utils.py
[2024-01-07 19:51:59,083] {processor.py:641} INFO - Processing file /home/dags/lead_scoring_inference_pipeline/utils.py for tasks to queue
[2024-01-07 19:51:59,084] {logging_mixin.py:115} INFO - [2024-01-07 19:51:59,084] {dagbag.py:508} INFO - Filling up the DagBag from /home/dags/lead_scoring_inference_pipeline/utils.py
[2024-01-07 19:51:59,746] {logging_mixin.py:115} INFO - [2024-01-07 19:51:59,746] {utils.py:145} INFO - Note: NumExpr detected 64 cores but "NUMEXPR_MAX_THREADS" not set, so enforcing safe limit of 8.
[2024-01-07 19:51:59,746] {logging_mixin.py:115} INFO - [2024-01-07 19:51:59,746] {utils.py:157} INFO - NumExpr defaulting to 8 threads.
[2024-01-07 19:51:59,906] {processor.py:653} WARNING - No viable dags retrieved from /home/dags/lead_scoring_inference_pipeline/utils.py
[2024-01-07 19:51:59,924] {processor.py:161} INFO - Processing /home/dags/lead_scoring_inference_pipeline/utils.py took 0.845 seconds
[2024-01-07 19:52:35,211] {processor.py:153} INFO - Started process (PID=13718) to work on /home/dags/lead_scoring_inference_pipeline/utils.py
[2024-01-07 19:52:35,211] {processor.py:641} INFO - Processing file /home/dags/lead_scoring_inference_pipeline/utils.py for tasks to queue
[2024-01-07 19:52:35,212] {logging_mixin.py:115} INFO - [2024-01-07 19:52:35,212] {dagbag.py:508} INFO - Filling up the DagBag from /home/dags/lead_scoring_inference_pipeline/utils.py
[2024-01-07 19:52:35,869] {logging_mixin.py:115} INFO - [2024-01-07 19:52:35,869] {utils.py:145} INFO - Note: NumExpr detected 64 cores but "NUMEXPR_MAX_THREADS" not set, so enforcing safe limit of 8.
[2024-01-07 19:52:35,870] {logging_mixin.py:115} INFO - [2024-01-07 19:52:35,869] {utils.py:157} INFO - NumExpr defaulting to 8 threads.
[2024-01-07 19:52:36,029] {processor.py:653} WARNING - No viable dags retrieved from /home/dags/lead_scoring_inference_pipeline/utils.py
[2024-01-07 19:52:36,047] {processor.py:161} INFO - Processing /home/dags/lead_scoring_inference_pipeline/utils.py took 0.840 seconds
[2024-01-07 19:53:21,401] {processor.py:153} INFO - Started process (PID=13809) to work on /home/dags/lead_scoring_inference_pipeline/utils.py
[2024-01-07 19:53:21,402] {processor.py:641} INFO - Processing file /home/dags/lead_scoring_inference_pipeline/utils.py for tasks to queue
[2024-01-07 19:53:21,402] {logging_mixin.py:115} INFO - [2024-01-07 19:53:21,402] {dagbag.py:508} INFO - Filling up the DagBag from /home/dags/lead_scoring_inference_pipeline/utils.py
[2024-01-07 19:53:22,062] {logging_mixin.py:115} INFO - [2024-01-07 19:53:22,062] {utils.py:145} INFO - Note: NumExpr detected 64 cores but "NUMEXPR_MAX_THREADS" not set, so enforcing safe limit of 8.
[2024-01-07 19:53:22,062] {logging_mixin.py:115} INFO - [2024-01-07 19:53:22,062] {utils.py:157} INFO - NumExpr defaulting to 8 threads.
[2024-01-07 19:53:22,222] {processor.py:653} WARNING - No viable dags retrieved from /home/dags/lead_scoring_inference_pipeline/utils.py
[2024-01-07 19:53:22,239] {processor.py:161} INFO - Processing /home/dags/lead_scoring_inference_pipeline/utils.py took 0.840 seconds
[2024-01-07 19:54:08,119] {processor.py:153} INFO - Started process (PID=13903) to work on /home/dags/lead_scoring_inference_pipeline/utils.py
[2024-01-07 19:54:08,120] {processor.py:641} INFO - Processing file /home/dags/lead_scoring_inference_pipeline/utils.py for tasks to queue
[2024-01-07 19:54:08,120] {logging_mixin.py:115} INFO - [2024-01-07 19:54:08,120] {dagbag.py:508} INFO - Filling up the DagBag from /home/dags/lead_scoring_inference_pipeline/utils.py
[2024-01-07 19:54:08,786] {logging_mixin.py:115} INFO - [2024-01-07 19:54:08,786] {utils.py:145} INFO - Note: NumExpr detected 64 cores but "NUMEXPR_MAX_THREADS" not set, so enforcing safe limit of 8.
[2024-01-07 19:54:08,786] {logging_mixin.py:115} INFO - [2024-01-07 19:54:08,786] {utils.py:157} INFO - NumExpr defaulting to 8 threads.
[2024-01-07 19:54:08,947] {processor.py:653} WARNING - No viable dags retrieved from /home/dags/lead_scoring_inference_pipeline/utils.py
[2024-01-07 19:54:08,965] {processor.py:161} INFO - Processing /home/dags/lead_scoring_inference_pipeline/utils.py took 0.849 seconds
[2024-01-07 19:55:00,863] {processor.py:153} INFO - Started process (PID=14006) to work on /home/dags/lead_scoring_inference_pipeline/utils.py
[2024-01-07 19:55:00,864] {processor.py:641} INFO - Processing file /home/dags/lead_scoring_inference_pipeline/utils.py for tasks to queue
[2024-01-07 19:55:00,864] {logging_mixin.py:115} INFO - [2024-01-07 19:55:00,864] {dagbag.py:508} INFO - Filling up the DagBag from /home/dags/lead_scoring_inference_pipeline/utils.py
[2024-01-07 19:55:01,523] {logging_mixin.py:115} INFO - [2024-01-07 19:55:01,523] {utils.py:145} INFO - Note: NumExpr detected 64 cores but "NUMEXPR_MAX_THREADS" not set, so enforcing safe limit of 8.
[2024-01-07 19:55:01,523] {logging_mixin.py:115} INFO - [2024-01-07 19:55:01,523] {utils.py:157} INFO - NumExpr defaulting to 8 threads.
[2024-01-07 19:55:01,684] {processor.py:653} WARNING - No viable dags retrieved from /home/dags/lead_scoring_inference_pipeline/utils.py
[2024-01-07 19:55:01,703] {processor.py:161} INFO - Processing /home/dags/lead_scoring_inference_pipeline/utils.py took 0.844 seconds
[2024-01-07 19:55:51,646] {processor.py:153} INFO - Started process (PID=14115) to work on /home/dags/lead_scoring_inference_pipeline/utils.py
[2024-01-07 19:55:51,647] {processor.py:641} INFO - Processing file /home/dags/lead_scoring_inference_pipeline/utils.py for tasks to queue
[2024-01-07 19:55:51,647] {logging_mixin.py:115} INFO - [2024-01-07 19:55:51,647] {dagbag.py:508} INFO - Filling up the DagBag from /home/dags/lead_scoring_inference_pipeline/utils.py
[2024-01-07 19:55:52,309] {logging_mixin.py:115} INFO - [2024-01-07 19:55:52,309] {utils.py:145} INFO - Note: NumExpr detected 64 cores but "NUMEXPR_MAX_THREADS" not set, so enforcing safe limit of 8.
[2024-01-07 19:55:52,309] {logging_mixin.py:115} INFO - [2024-01-07 19:55:52,309] {utils.py:157} INFO - NumExpr defaulting to 8 threads.
[2024-01-07 19:55:52,474] {processor.py:653} WARNING - No viable dags retrieved from /home/dags/lead_scoring_inference_pipeline/utils.py
[2024-01-07 19:55:52,493] {processor.py:161} INFO - Processing /home/dags/lead_scoring_inference_pipeline/utils.py took 0.850 seconds
[2024-01-07 19:56:42,063] {processor.py:153} INFO - Started process (PID=14221) to work on /home/dags/lead_scoring_inference_pipeline/utils.py
[2024-01-07 19:56:42,063] {processor.py:641} INFO - Processing file /home/dags/lead_scoring_inference_pipeline/utils.py for tasks to queue
[2024-01-07 19:56:42,064] {logging_mixin.py:115} INFO - [2024-01-07 19:56:42,064] {dagbag.py:508} INFO - Filling up the DagBag from /home/dags/lead_scoring_inference_pipeline/utils.py
[2024-01-07 19:56:42,744] {logging_mixin.py:115} INFO - [2024-01-07 19:56:42,744] {utils.py:145} INFO - Note: NumExpr detected 64 cores but "NUMEXPR_MAX_THREADS" not set, so enforcing safe limit of 8.
[2024-01-07 19:56:42,744] {logging_mixin.py:115} INFO - [2024-01-07 19:56:42,744] {utils.py:157} INFO - NumExpr defaulting to 8 threads.
[2024-01-07 19:56:42,914] {processor.py:653} WARNING - No viable dags retrieved from /home/dags/lead_scoring_inference_pipeline/utils.py
[2024-01-07 19:56:42,932] {processor.py:161} INFO - Processing /home/dags/lead_scoring_inference_pipeline/utils.py took 0.872 seconds
[2024-01-07 19:57:32,523] {processor.py:153} INFO - Started process (PID=14323) to work on /home/dags/lead_scoring_inference_pipeline/utils.py
[2024-01-07 19:57:32,524] {processor.py:641} INFO - Processing file /home/dags/lead_scoring_inference_pipeline/utils.py for tasks to queue
[2024-01-07 19:57:32,524] {logging_mixin.py:115} INFO - [2024-01-07 19:57:32,524] {dagbag.py:508} INFO - Filling up the DagBag from /home/dags/lead_scoring_inference_pipeline/utils.py
[2024-01-07 19:57:33,193] {logging_mixin.py:115} INFO - [2024-01-07 19:57:33,193] {utils.py:145} INFO - Note: NumExpr detected 64 cores but "NUMEXPR_MAX_THREADS" not set, so enforcing safe limit of 8.
[2024-01-07 19:57:33,194] {logging_mixin.py:115} INFO - [2024-01-07 19:57:33,194] {utils.py:157} INFO - NumExpr defaulting to 8 threads.
[2024-01-07 19:57:33,353] {processor.py:653} WARNING - No viable dags retrieved from /home/dags/lead_scoring_inference_pipeline/utils.py
[2024-01-07 19:57:33,373] {processor.py:161} INFO - Processing /home/dags/lead_scoring_inference_pipeline/utils.py took 0.853 seconds
[2024-01-07 19:58:23,167] {processor.py:153} INFO - Started process (PID=14425) to work on /home/dags/lead_scoring_inference_pipeline/utils.py
[2024-01-07 19:58:23,168] {processor.py:641} INFO - Processing file /home/dags/lead_scoring_inference_pipeline/utils.py for tasks to queue
[2024-01-07 19:58:23,168] {logging_mixin.py:115} INFO - [2024-01-07 19:58:23,168] {dagbag.py:508} INFO - Filling up the DagBag from /home/dags/lead_scoring_inference_pipeline/utils.py
[2024-01-07 19:58:23,829] {logging_mixin.py:115} INFO - [2024-01-07 19:58:23,829] {utils.py:145} INFO - Note: NumExpr detected 64 cores but "NUMEXPR_MAX_THREADS" not set, so enforcing safe limit of 8.
[2024-01-07 19:58:23,829] {logging_mixin.py:115} INFO - [2024-01-07 19:58:23,829] {utils.py:157} INFO - NumExpr defaulting to 8 threads.
[2024-01-07 19:58:23,990] {processor.py:653} WARNING - No viable dags retrieved from /home/dags/lead_scoring_inference_pipeline/utils.py
[2024-01-07 19:58:24,008] {processor.py:161} INFO - Processing /home/dags/lead_scoring_inference_pipeline/utils.py took 0.844 seconds
[2024-01-07 19:59:16,738] {processor.py:153} INFO - Started process (PID=14628) to work on /home/dags/lead_scoring_inference_pipeline/utils.py
[2024-01-07 19:59:16,739] {processor.py:641} INFO - Processing file /home/dags/lead_scoring_inference_pipeline/utils.py for tasks to queue
[2024-01-07 19:59:16,739] {logging_mixin.py:115} INFO - [2024-01-07 19:59:16,739] {dagbag.py:508} INFO - Filling up the DagBag from /home/dags/lead_scoring_inference_pipeline/utils.py
[2024-01-07 19:59:17,397] {logging_mixin.py:115} INFO - [2024-01-07 19:59:17,397] {utils.py:145} INFO - Note: NumExpr detected 64 cores but "NUMEXPR_MAX_THREADS" not set, so enforcing safe limit of 8.
[2024-01-07 19:59:17,397] {logging_mixin.py:115} INFO - [2024-01-07 19:59:17,397] {utils.py:157} INFO - NumExpr defaulting to 8 threads.
[2024-01-07 19:59:17,558] {processor.py:653} WARNING - No viable dags retrieved from /home/dags/lead_scoring_inference_pipeline/utils.py
[2024-01-07 19:59:17,577] {processor.py:161} INFO - Processing /home/dags/lead_scoring_inference_pipeline/utils.py took 0.842 seconds
[2024-01-07 20:01:08,463] {processor.py:153} INFO - Started process (PID=14761) to work on /home/dags/lead_scoring_inference_pipeline/utils.py
[2024-01-07 20:01:08,464] {processor.py:641} INFO - Processing file /home/dags/lead_scoring_inference_pipeline/utils.py for tasks to queue
[2024-01-07 20:01:08,464] {logging_mixin.py:115} INFO - [2024-01-07 20:01:08,464] {dagbag.py:508} INFO - Filling up the DagBag from /home/dags/lead_scoring_inference_pipeline/utils.py
[2024-01-07 20:01:09,210] {logging_mixin.py:115} INFO - [2024-01-07 20:01:09,210] {utils.py:145} INFO - Note: NumExpr detected 64 cores but "NUMEXPR_MAX_THREADS" not set, so enforcing safe limit of 8.
[2024-01-07 20:01:09,210] {logging_mixin.py:115} INFO - [2024-01-07 20:01:09,210] {utils.py:157} INFO - NumExpr defaulting to 8 threads.
[2024-01-07 20:01:09,374] {processor.py:653} WARNING - No viable dags retrieved from /home/dags/lead_scoring_inference_pipeline/utils.py
[2024-01-07 20:01:09,393] {processor.py:161} INFO - Processing /home/dags/lead_scoring_inference_pipeline/utils.py took 0.933 seconds
[2024-01-07 20:02:35,423] {processor.py:153} INFO - Started process (PID=14889) to work on /home/dags/lead_scoring_inference_pipeline/utils.py
[2024-01-07 20:02:35,424] {processor.py:641} INFO - Processing file /home/dags/lead_scoring_inference_pipeline/utils.py for tasks to queue
[2024-01-07 20:02:35,424] {logging_mixin.py:115} INFO - [2024-01-07 20:02:35,424] {dagbag.py:508} INFO - Filling up the DagBag from /home/dags/lead_scoring_inference_pipeline/utils.py
[2024-01-07 20:02:36,194] {logging_mixin.py:115} INFO - [2024-01-07 20:02:36,194] {utils.py:145} INFO - Note: NumExpr detected 64 cores but "NUMEXPR_MAX_THREADS" not set, so enforcing safe limit of 8.
[2024-01-07 20:02:36,194] {logging_mixin.py:115} INFO - [2024-01-07 20:02:36,194] {utils.py:157} INFO - NumExpr defaulting to 8 threads.
[2024-01-07 20:02:36,362] {processor.py:653} WARNING - No viable dags retrieved from /home/dags/lead_scoring_inference_pipeline/utils.py
[2024-01-07 20:02:36,382] {processor.py:161} INFO - Processing /home/dags/lead_scoring_inference_pipeline/utils.py took 0.962 seconds
[2024-01-07 20:04:03,875] {processor.py:153} INFO - Started process (PID=15110) to work on /home/dags/lead_scoring_inference_pipeline/utils.py
[2024-01-07 20:04:03,875] {processor.py:641} INFO - Processing file /home/dags/lead_scoring_inference_pipeline/utils.py for tasks to queue
[2024-01-07 20:04:03,876] {logging_mixin.py:115} INFO - [2024-01-07 20:04:03,876] {dagbag.py:508} INFO - Filling up the DagBag from /home/dags/lead_scoring_inference_pipeline/utils.py
[2024-01-07 20:04:04,641] {logging_mixin.py:115} INFO - [2024-01-07 20:04:04,641] {utils.py:145} INFO - Note: NumExpr detected 64 cores but "NUMEXPR_MAX_THREADS" not set, so enforcing safe limit of 8.
[2024-01-07 20:04:04,641] {logging_mixin.py:115} INFO - [2024-01-07 20:04:04,641] {utils.py:157} INFO - NumExpr defaulting to 8 threads.
[2024-01-07 20:04:04,810] {processor.py:653} WARNING - No viable dags retrieved from /home/dags/lead_scoring_inference_pipeline/utils.py
[2024-01-07 20:04:04,831] {processor.py:161} INFO - Processing /home/dags/lead_scoring_inference_pipeline/utils.py took 0.959 seconds
[2024-01-07 20:04:56,010] {processor.py:153} INFO - Started process (PID=15225) to work on /home/dags/lead_scoring_inference_pipeline/utils.py
[2024-01-07 20:04:56,011] {processor.py:641} INFO - Processing file /home/dags/lead_scoring_inference_pipeline/utils.py for tasks to queue
[2024-01-07 20:04:56,011] {logging_mixin.py:115} INFO - [2024-01-07 20:04:56,011] {dagbag.py:508} INFO - Filling up the DagBag from /home/dags/lead_scoring_inference_pipeline/utils.py
[2024-01-07 20:04:56,758] {logging_mixin.py:115} INFO - [2024-01-07 20:04:56,758] {utils.py:145} INFO - Note: NumExpr detected 64 cores but "NUMEXPR_MAX_THREADS" not set, so enforcing safe limit of 8.
[2024-01-07 20:04:56,758] {logging_mixin.py:115} INFO - [2024-01-07 20:04:56,758] {utils.py:157} INFO - NumExpr defaulting to 8 threads.
[2024-01-07 20:04:56,917] {processor.py:653} WARNING - No viable dags retrieved from /home/dags/lead_scoring_inference_pipeline/utils.py
[2024-01-07 20:04:56,934] {processor.py:161} INFO - Processing /home/dags/lead_scoring_inference_pipeline/utils.py took 0.928 seconds
[2024-01-07 20:05:46,807] {processor.py:153} INFO - Started process (PID=15331) to work on /home/dags/lead_scoring_inference_pipeline/utils.py
[2024-01-07 20:05:46,807] {processor.py:641} INFO - Processing file /home/dags/lead_scoring_inference_pipeline/utils.py for tasks to queue
[2024-01-07 20:05:46,808] {logging_mixin.py:115} INFO - [2024-01-07 20:05:46,808] {dagbag.py:508} INFO - Filling up the DagBag from /home/dags/lead_scoring_inference_pipeline/utils.py
[2024-01-07 20:05:47,562] {logging_mixin.py:115} INFO - [2024-01-07 20:05:47,562] {utils.py:145} INFO - Note: NumExpr detected 64 cores but "NUMEXPR_MAX_THREADS" not set, so enforcing safe limit of 8.
[2024-01-07 20:05:47,562] {logging_mixin.py:115} INFO - [2024-01-07 20:05:47,562] {utils.py:157} INFO - NumExpr defaulting to 8 threads.
[2024-01-07 20:05:47,728] {processor.py:653} WARNING - No viable dags retrieved from /home/dags/lead_scoring_inference_pipeline/utils.py
[2024-01-07 20:05:47,749] {processor.py:161} INFO - Processing /home/dags/lead_scoring_inference_pipeline/utils.py took 0.946 seconds
[2024-01-07 20:06:41,368] {processor.py:153} INFO - Started process (PID=15438) to work on /home/dags/lead_scoring_inference_pipeline/utils.py
[2024-01-07 20:06:41,368] {processor.py:641} INFO - Processing file /home/dags/lead_scoring_inference_pipeline/utils.py for tasks to queue
[2024-01-07 20:06:41,369] {logging_mixin.py:115} INFO - [2024-01-07 20:06:41,369] {dagbag.py:508} INFO - Filling up the DagBag from /home/dags/lead_scoring_inference_pipeline/utils.py
[2024-01-07 20:06:42,111] {logging_mixin.py:115} INFO - [2024-01-07 20:06:42,111] {utils.py:145} INFO - Note: NumExpr detected 64 cores but "NUMEXPR_MAX_THREADS" not set, so enforcing safe limit of 8.
[2024-01-07 20:06:42,112] {logging_mixin.py:115} INFO - [2024-01-07 20:06:42,112] {utils.py:157} INFO - NumExpr defaulting to 8 threads.
[2024-01-07 20:06:42,272] {processor.py:653} WARNING - No viable dags retrieved from /home/dags/lead_scoring_inference_pipeline/utils.py
[2024-01-07 20:06:42,293] {processor.py:161} INFO - Processing /home/dags/lead_scoring_inference_pipeline/utils.py took 0.929 seconds
[2024-01-07 20:07:33,755] {processor.py:153} INFO - Started process (PID=15542) to work on /home/dags/lead_scoring_inference_pipeline/utils.py
[2024-01-07 20:07:33,755] {processor.py:641} INFO - Processing file /home/dags/lead_scoring_inference_pipeline/utils.py for tasks to queue
[2024-01-07 20:07:33,756] {logging_mixin.py:115} INFO - [2024-01-07 20:07:33,756] {dagbag.py:508} INFO - Filling up the DagBag from /home/dags/lead_scoring_inference_pipeline/utils.py
[2024-01-07 20:07:34,518] {logging_mixin.py:115} INFO - [2024-01-07 20:07:34,518] {utils.py:145} INFO - Note: NumExpr detected 64 cores but "NUMEXPR_MAX_THREADS" not set, so enforcing safe limit of 8.
[2024-01-07 20:07:34,518] {logging_mixin.py:115} INFO - [2024-01-07 20:07:34,518] {utils.py:157} INFO - NumExpr defaulting to 8 threads.
[2024-01-07 20:07:34,679] {processor.py:653} WARNING - No viable dags retrieved from /home/dags/lead_scoring_inference_pipeline/utils.py
[2024-01-07 20:07:34,700] {processor.py:161} INFO - Processing /home/dags/lead_scoring_inference_pipeline/utils.py took 0.948 seconds
[2024-01-07 20:08:27,648] {processor.py:153} INFO - Started process (PID=15811) to work on /home/dags/lead_scoring_inference_pipeline/utils.py
[2024-01-07 20:08:27,649] {processor.py:641} INFO - Processing file /home/dags/lead_scoring_inference_pipeline/utils.py for tasks to queue
[2024-01-07 20:08:27,649] {logging_mixin.py:115} INFO - [2024-01-07 20:08:27,649] {dagbag.py:508} INFO - Filling up the DagBag from /home/dags/lead_scoring_inference_pipeline/utils.py
[2024-01-07 20:08:28,393] {logging_mixin.py:115} INFO - [2024-01-07 20:08:28,392] {utils.py:145} INFO - Note: NumExpr detected 64 cores but "NUMEXPR_MAX_THREADS" not set, so enforcing safe limit of 8.
[2024-01-07 20:08:28,393] {logging_mixin.py:115} INFO - [2024-01-07 20:08:28,393] {utils.py:157} INFO - NumExpr defaulting to 8 threads.
[2024-01-07 20:08:28,553] {processor.py:653} WARNING - No viable dags retrieved from /home/dags/lead_scoring_inference_pipeline/utils.py
[2024-01-07 20:08:28,571] {processor.py:161} INFO - Processing /home/dags/lead_scoring_inference_pipeline/utils.py took 0.926 seconds
[2024-01-07 20:09:22,415] {processor.py:153} INFO - Started process (PID=15918) to work on /home/dags/lead_scoring_inference_pipeline/utils.py
[2024-01-07 20:09:22,415] {processor.py:641} INFO - Processing file /home/dags/lead_scoring_inference_pipeline/utils.py for tasks to queue
[2024-01-07 20:09:22,416] {logging_mixin.py:115} INFO - [2024-01-07 20:09:22,416] {dagbag.py:508} INFO - Filling up the DagBag from /home/dags/lead_scoring_inference_pipeline/utils.py
[2024-01-07 20:09:23,159] {logging_mixin.py:115} INFO - [2024-01-07 20:09:23,158] {utils.py:145} INFO - Note: NumExpr detected 64 cores but "NUMEXPR_MAX_THREADS" not set, so enforcing safe limit of 8.
[2024-01-07 20:09:23,159] {logging_mixin.py:115} INFO - [2024-01-07 20:09:23,159] {utils.py:157} INFO - NumExpr defaulting to 8 threads.
[2024-01-07 20:09:23,317] {processor.py:653} WARNING - No viable dags retrieved from /home/dags/lead_scoring_inference_pipeline/utils.py
[2024-01-07 20:09:23,337] {processor.py:161} INFO - Processing /home/dags/lead_scoring_inference_pipeline/utils.py took 0.925 seconds
[2024-01-07 20:10:12,122] {processor.py:153} INFO - Started process (PID=16025) to work on /home/dags/lead_scoring_inference_pipeline/utils.py
[2024-01-07 20:10:12,122] {processor.py:641} INFO - Processing file /home/dags/lead_scoring_inference_pipeline/utils.py for tasks to queue
[2024-01-07 20:10:12,123] {logging_mixin.py:115} INFO - [2024-01-07 20:10:12,123] {dagbag.py:508} INFO - Filling up the DagBag from /home/dags/lead_scoring_inference_pipeline/utils.py
[2024-01-07 20:10:12,862] {logging_mixin.py:115} INFO - [2024-01-07 20:10:12,862] {utils.py:145} INFO - Note: NumExpr detected 64 cores but "NUMEXPR_MAX_THREADS" not set, so enforcing safe limit of 8.
[2024-01-07 20:10:12,862] {logging_mixin.py:115} INFO - [2024-01-07 20:10:12,862] {utils.py:157} INFO - NumExpr defaulting to 8 threads.
[2024-01-07 20:10:13,022] {processor.py:653} WARNING - No viable dags retrieved from /home/dags/lead_scoring_inference_pipeline/utils.py
[2024-01-07 20:10:13,041] {processor.py:161} INFO - Processing /home/dags/lead_scoring_inference_pipeline/utils.py took 0.922 seconds
[2024-01-07 20:11:01,911] {processor.py:153} INFO - Started process (PID=16132) to work on /home/dags/lead_scoring_inference_pipeline/utils.py
[2024-01-07 20:11:01,911] {processor.py:641} INFO - Processing file /home/dags/lead_scoring_inference_pipeline/utils.py for tasks to queue
[2024-01-07 20:11:01,912] {logging_mixin.py:115} INFO - [2024-01-07 20:11:01,912] {dagbag.py:508} INFO - Filling up the DagBag from /home/dags/lead_scoring_inference_pipeline/utils.py
[2024-01-07 20:11:02,662] {logging_mixin.py:115} INFO - [2024-01-07 20:11:02,662] {utils.py:145} INFO - Note: NumExpr detected 64 cores but "NUMEXPR_MAX_THREADS" not set, so enforcing safe limit of 8.
[2024-01-07 20:11:02,662] {logging_mixin.py:115} INFO - [2024-01-07 20:11:02,662] {utils.py:157} INFO - NumExpr defaulting to 8 threads.
[2024-01-07 20:11:02,823] {processor.py:653} WARNING - No viable dags retrieved from /home/dags/lead_scoring_inference_pipeline/utils.py
[2024-01-07 20:11:02,842] {processor.py:161} INFO - Processing /home/dags/lead_scoring_inference_pipeline/utils.py took 0.935 seconds
[2024-01-07 20:11:51,259] {processor.py:153} INFO - Started process (PID=16237) to work on /home/dags/lead_scoring_inference_pipeline/utils.py
[2024-01-07 20:11:51,259] {processor.py:641} INFO - Processing file /home/dags/lead_scoring_inference_pipeline/utils.py for tasks to queue
[2024-01-07 20:11:51,260] {logging_mixin.py:115} INFO - [2024-01-07 20:11:51,260] {dagbag.py:508} INFO - Filling up the DagBag from /home/dags/lead_scoring_inference_pipeline/utils.py
[2024-01-07 20:11:52,038] {logging_mixin.py:115} INFO - [2024-01-07 20:11:52,038] {utils.py:145} INFO - Note: NumExpr detected 64 cores but "NUMEXPR_MAX_THREADS" not set, so enforcing safe limit of 8.
[2024-01-07 20:11:52,038] {logging_mixin.py:115} INFO - [2024-01-07 20:11:52,038] {utils.py:157} INFO - NumExpr defaulting to 8 threads.
[2024-01-07 20:11:52,204] {processor.py:653} WARNING - No viable dags retrieved from /home/dags/lead_scoring_inference_pipeline/utils.py
[2024-01-07 20:11:52,224] {processor.py:161} INFO - Processing /home/dags/lead_scoring_inference_pipeline/utils.py took 0.968 seconds
[2024-01-07 20:12:46,208] {processor.py:153} INFO - Started process (PID=16342) to work on /home/dags/lead_scoring_inference_pipeline/utils.py
[2024-01-07 20:12:46,208] {processor.py:641} INFO - Processing file /home/dags/lead_scoring_inference_pipeline/utils.py for tasks to queue
[2024-01-07 20:12:46,209] {logging_mixin.py:115} INFO - [2024-01-07 20:12:46,209] {dagbag.py:508} INFO - Filling up the DagBag from /home/dags/lead_scoring_inference_pipeline/utils.py
[2024-01-07 20:12:46,962] {logging_mixin.py:115} INFO - [2024-01-07 20:12:46,962] {utils.py:145} INFO - Note: NumExpr detected 64 cores but "NUMEXPR_MAX_THREADS" not set, so enforcing safe limit of 8.
[2024-01-07 20:12:46,962] {logging_mixin.py:115} INFO - [2024-01-07 20:12:46,962] {utils.py:157} INFO - NumExpr defaulting to 8 threads.
[2024-01-07 20:12:47,120] {processor.py:653} WARNING - No viable dags retrieved from /home/dags/lead_scoring_inference_pipeline/utils.py
[2024-01-07 20:12:47,137] {processor.py:161} INFO - Processing /home/dags/lead_scoring_inference_pipeline/utils.py took 0.932 seconds
[2024-01-07 20:13:38,474] {processor.py:153} INFO - Started process (PID=16447) to work on /home/dags/lead_scoring_inference_pipeline/utils.py
[2024-01-07 20:13:38,475] {processor.py:641} INFO - Processing file /home/dags/lead_scoring_inference_pipeline/utils.py for tasks to queue
[2024-01-07 20:13:38,475] {logging_mixin.py:115} INFO - [2024-01-07 20:13:38,475] {dagbag.py:508} INFO - Filling up the DagBag from /home/dags/lead_scoring_inference_pipeline/utils.py
[2024-01-07 20:13:39,242] {logging_mixin.py:115} INFO - [2024-01-07 20:13:39,242] {utils.py:145} INFO - Note: NumExpr detected 64 cores but "NUMEXPR_MAX_THREADS" not set, so enforcing safe limit of 8.
[2024-01-07 20:13:39,242] {logging_mixin.py:115} INFO - [2024-01-07 20:13:39,242] {utils.py:157} INFO - NumExpr defaulting to 8 threads.
[2024-01-07 20:13:39,402] {processor.py:653} WARNING - No viable dags retrieved from /home/dags/lead_scoring_inference_pipeline/utils.py
[2024-01-07 20:13:39,420] {processor.py:161} INFO - Processing /home/dags/lead_scoring_inference_pipeline/utils.py took 0.949 seconds
[2024-01-07 20:14:25,560] {processor.py:153} INFO - Started process (PID=16550) to work on /home/dags/lead_scoring_inference_pipeline/utils.py
[2024-01-07 20:14:25,560] {processor.py:641} INFO - Processing file /home/dags/lead_scoring_inference_pipeline/utils.py for tasks to queue
[2024-01-07 20:14:25,561] {logging_mixin.py:115} INFO - [2024-01-07 20:14:25,561] {dagbag.py:508} INFO - Filling up the DagBag from /home/dags/lead_scoring_inference_pipeline/utils.py
[2024-01-07 20:14:26,302] {logging_mixin.py:115} INFO - [2024-01-07 20:14:26,302] {utils.py:145} INFO - Note: NumExpr detected 64 cores but "NUMEXPR_MAX_THREADS" not set, so enforcing safe limit of 8.
[2024-01-07 20:14:26,302] {logging_mixin.py:115} INFO - [2024-01-07 20:14:26,302] {utils.py:157} INFO - NumExpr defaulting to 8 threads.
[2024-01-07 20:14:26,462] {processor.py:653} WARNING - No viable dags retrieved from /home/dags/lead_scoring_inference_pipeline/utils.py
[2024-01-07 20:14:26,481] {processor.py:161} INFO - Processing /home/dags/lead_scoring_inference_pipeline/utils.py took 0.925 seconds
[2024-01-07 20:15:15,279] {processor.py:153} INFO - Started process (PID=16651) to work on /home/dags/lead_scoring_inference_pipeline/utils.py
[2024-01-07 20:15:15,280] {processor.py:641} INFO - Processing file /home/dags/lead_scoring_inference_pipeline/utils.py for tasks to queue
[2024-01-07 20:15:15,280] {logging_mixin.py:115} INFO - [2024-01-07 20:15:15,280] {dagbag.py:508} INFO - Filling up the DagBag from /home/dags/lead_scoring_inference_pipeline/utils.py
[2024-01-07 20:15:16,026] {logging_mixin.py:115} INFO - [2024-01-07 20:15:16,026] {utils.py:145} INFO - Note: NumExpr detected 64 cores but "NUMEXPR_MAX_THREADS" not set, so enforcing safe limit of 8.
[2024-01-07 20:15:16,026] {logging_mixin.py:115} INFO - [2024-01-07 20:15:16,026] {utils.py:157} INFO - NumExpr defaulting to 8 threads.
[2024-01-07 20:15:16,187] {processor.py:653} WARNING - No viable dags retrieved from /home/dags/lead_scoring_inference_pipeline/utils.py
[2024-01-07 20:15:16,207] {processor.py:161} INFO - Processing /home/dags/lead_scoring_inference_pipeline/utils.py took 0.931 seconds
[2024-01-07 20:16:05,782] {processor.py:153} INFO - Started process (PID=16753) to work on /home/dags/lead_scoring_inference_pipeline/utils.py
[2024-01-07 20:16:05,783] {processor.py:641} INFO - Processing file /home/dags/lead_scoring_inference_pipeline/utils.py for tasks to queue
[2024-01-07 20:16:05,783] {logging_mixin.py:115} INFO - [2024-01-07 20:16:05,783] {dagbag.py:508} INFO - Filling up the DagBag from /home/dags/lead_scoring_inference_pipeline/utils.py
[2024-01-07 20:16:06,527] {logging_mixin.py:115} INFO - [2024-01-07 20:16:06,527] {utils.py:145} INFO - Note: NumExpr detected 64 cores but "NUMEXPR_MAX_THREADS" not set, so enforcing safe limit of 8.
[2024-01-07 20:16:06,527] {logging_mixin.py:115} INFO - [2024-01-07 20:16:06,527] {utils.py:157} INFO - NumExpr defaulting to 8 threads.
[2024-01-07 20:16:06,687] {processor.py:653} WARNING - No viable dags retrieved from /home/dags/lead_scoring_inference_pipeline/utils.py
[2024-01-07 20:16:06,706] {processor.py:161} INFO - Processing /home/dags/lead_scoring_inference_pipeline/utils.py took 0.927 seconds
[2024-01-07 20:16:56,643] {processor.py:153} INFO - Started process (PID=16855) to work on /home/dags/lead_scoring_inference_pipeline/utils.py
[2024-01-07 20:16:56,643] {processor.py:641} INFO - Processing file /home/dags/lead_scoring_inference_pipeline/utils.py for tasks to queue
[2024-01-07 20:16:56,644] {logging_mixin.py:115} INFO - [2024-01-07 20:16:56,644] {dagbag.py:508} INFO - Filling up the DagBag from /home/dags/lead_scoring_inference_pipeline/utils.py
[2024-01-07 20:16:57,387] {logging_mixin.py:115} INFO - [2024-01-07 20:16:57,387] {utils.py:145} INFO - Note: NumExpr detected 64 cores but "NUMEXPR_MAX_THREADS" not set, so enforcing safe limit of 8.
[2024-01-07 20:16:57,387] {logging_mixin.py:115} INFO - [2024-01-07 20:16:57,387] {utils.py:157} INFO - NumExpr defaulting to 8 threads.
[2024-01-07 20:16:57,546] {processor.py:653} WARNING - No viable dags retrieved from /home/dags/lead_scoring_inference_pipeline/utils.py
[2024-01-07 20:16:57,565] {processor.py:161} INFO - Processing /home/dags/lead_scoring_inference_pipeline/utils.py took 0.925 seconds
[2024-01-07 20:17:47,122] {processor.py:153} INFO - Started process (PID=16964) to work on /home/dags/lead_scoring_inference_pipeline/utils.py
[2024-01-07 20:17:47,123] {processor.py:641} INFO - Processing file /home/dags/lead_scoring_inference_pipeline/utils.py for tasks to queue
[2024-01-07 20:17:47,123] {logging_mixin.py:115} INFO - [2024-01-07 20:17:47,123] {dagbag.py:508} INFO - Filling up the DagBag from /home/dags/lead_scoring_inference_pipeline/utils.py
[2024-01-07 20:17:47,880] {logging_mixin.py:115} INFO - [2024-01-07 20:17:47,880] {utils.py:145} INFO - Note: NumExpr detected 64 cores but "NUMEXPR_MAX_THREADS" not set, so enforcing safe limit of 8.
[2024-01-07 20:17:47,880] {logging_mixin.py:115} INFO - [2024-01-07 20:17:47,880] {utils.py:157} INFO - NumExpr defaulting to 8 threads.
[2024-01-07 20:17:48,040] {processor.py:653} WARNING - No viable dags retrieved from /home/dags/lead_scoring_inference_pipeline/utils.py
[2024-01-07 20:17:48,060] {processor.py:161} INFO - Processing /home/dags/lead_scoring_inference_pipeline/utils.py took 0.941 seconds
[2024-01-07 20:18:40,182] {processor.py:153} INFO - Started process (PID=17089) to work on /home/dags/lead_scoring_inference_pipeline/utils.py
[2024-01-07 20:18:40,182] {processor.py:641} INFO - Processing file /home/dags/lead_scoring_inference_pipeline/utils.py for tasks to queue
[2024-01-07 20:18:40,183] {logging_mixin.py:115} INFO - [2024-01-07 20:18:40,183] {dagbag.py:508} INFO - Filling up the DagBag from /home/dags/lead_scoring_inference_pipeline/utils.py
[2024-01-07 20:18:40,927] {logging_mixin.py:115} INFO - [2024-01-07 20:18:40,926] {utils.py:145} INFO - Note: NumExpr detected 64 cores but "NUMEXPR_MAX_THREADS" not set, so enforcing safe limit of 8.
[2024-01-07 20:18:40,927] {logging_mixin.py:115} INFO - [2024-01-07 20:18:40,927] {utils.py:157} INFO - NumExpr defaulting to 8 threads.
[2024-01-07 20:18:41,087] {processor.py:653} WARNING - No viable dags retrieved from /home/dags/lead_scoring_inference_pipeline/utils.py
[2024-01-07 20:18:41,107] {processor.py:161} INFO - Processing /home/dags/lead_scoring_inference_pipeline/utils.py took 0.929 seconds
[2024-01-07 20:19:37,242] {processor.py:153} INFO - Started process (PID=17203) to work on /home/dags/lead_scoring_inference_pipeline/utils.py
[2024-01-07 20:19:37,242] {processor.py:641} INFO - Processing file /home/dags/lead_scoring_inference_pipeline/utils.py for tasks to queue
[2024-01-07 20:19:37,243] {logging_mixin.py:115} INFO - [2024-01-07 20:19:37,243] {dagbag.py:508} INFO - Filling up the DagBag from /home/dags/lead_scoring_inference_pipeline/utils.py
[2024-01-07 20:19:37,985] {logging_mixin.py:115} INFO - [2024-01-07 20:19:37,985] {utils.py:145} INFO - Note: NumExpr detected 64 cores but "NUMEXPR_MAX_THREADS" not set, so enforcing safe limit of 8.
[2024-01-07 20:19:37,985] {logging_mixin.py:115} INFO - [2024-01-07 20:19:37,985] {utils.py:157} INFO - NumExpr defaulting to 8 threads.
[2024-01-07 20:19:38,144] {processor.py:653} WARNING - No viable dags retrieved from /home/dags/lead_scoring_inference_pipeline/utils.py
[2024-01-07 20:19:38,164] {processor.py:161} INFO - Processing /home/dags/lead_scoring_inference_pipeline/utils.py took 0.925 seconds
[2024-01-07 20:20:33,203] {processor.py:153} INFO - Started process (PID=17307) to work on /home/dags/lead_scoring_inference_pipeline/utils.py
[2024-01-07 20:20:33,203] {processor.py:641} INFO - Processing file /home/dags/lead_scoring_inference_pipeline/utils.py for tasks to queue
[2024-01-07 20:20:33,204] {logging_mixin.py:115} INFO - [2024-01-07 20:20:33,204] {dagbag.py:508} INFO - Filling up the DagBag from /home/dags/lead_scoring_inference_pipeline/utils.py
[2024-01-07 20:20:33,942] {logging_mixin.py:115} INFO - [2024-01-07 20:20:33,942] {utils.py:145} INFO - Note: NumExpr detected 64 cores but "NUMEXPR_MAX_THREADS" not set, so enforcing safe limit of 8.
[2024-01-07 20:20:33,942] {logging_mixin.py:115} INFO - [2024-01-07 20:20:33,942] {utils.py:157} INFO - NumExpr defaulting to 8 threads.
[2024-01-07 20:20:34,101] {processor.py:653} WARNING - No viable dags retrieved from /home/dags/lead_scoring_inference_pipeline/utils.py
[2024-01-07 20:20:34,118] {processor.py:161} INFO - Processing /home/dags/lead_scoring_inference_pipeline/utils.py took 0.919 seconds
[2024-01-07 20:21:29,666] {processor.py:153} INFO - Started process (PID=17418) to work on /home/dags/lead_scoring_inference_pipeline/utils.py
[2024-01-07 20:21:29,667] {processor.py:641} INFO - Processing file /home/dags/lead_scoring_inference_pipeline/utils.py for tasks to queue
[2024-01-07 20:21:29,667] {logging_mixin.py:115} INFO - [2024-01-07 20:21:29,667] {dagbag.py:508} INFO - Filling up the DagBag from /home/dags/lead_scoring_inference_pipeline/utils.py
[2024-01-07 20:21:30,404] {logging_mixin.py:115} INFO - [2024-01-07 20:21:30,404] {utils.py:145} INFO - Note: NumExpr detected 64 cores but "NUMEXPR_MAX_THREADS" not set, so enforcing safe limit of 8.
[2024-01-07 20:21:30,404] {logging_mixin.py:115} INFO - [2024-01-07 20:21:30,404] {utils.py:157} INFO - NumExpr defaulting to 8 threads.
[2024-01-07 20:21:30,563] {processor.py:653} WARNING - No viable dags retrieved from /home/dags/lead_scoring_inference_pipeline/utils.py
[2024-01-07 20:21:30,583] {processor.py:161} INFO - Processing /home/dags/lead_scoring_inference_pipeline/utils.py took 0.919 seconds
[2024-01-07 20:22:23,647] {processor.py:153} INFO - Started process (PID=17693) to work on /home/dags/lead_scoring_inference_pipeline/utils.py
[2024-01-07 20:22:23,647] {processor.py:641} INFO - Processing file /home/dags/lead_scoring_inference_pipeline/utils.py for tasks to queue
[2024-01-07 20:22:23,648] {logging_mixin.py:115} INFO - [2024-01-07 20:22:23,648] {dagbag.py:508} INFO - Filling up the DagBag from /home/dags/lead_scoring_inference_pipeline/utils.py
[2024-01-07 20:22:24,396] {logging_mixin.py:115} INFO - [2024-01-07 20:22:24,396] {utils.py:145} INFO - Note: NumExpr detected 64 cores but "NUMEXPR_MAX_THREADS" not set, so enforcing safe limit of 8.
[2024-01-07 20:22:24,396] {logging_mixin.py:115} INFO - [2024-01-07 20:22:24,396] {utils.py:157} INFO - NumExpr defaulting to 8 threads.
[2024-01-07 20:22:24,558] {processor.py:653} WARNING - No viable dags retrieved from /home/dags/lead_scoring_inference_pipeline/utils.py
[2024-01-07 20:22:24,579] {processor.py:161} INFO - Processing /home/dags/lead_scoring_inference_pipeline/utils.py took 0.935 seconds
[2024-01-07 20:23:11,309] {processor.py:153} INFO - Started process (PID=17793) to work on /home/dags/lead_scoring_inference_pipeline/utils.py
[2024-01-07 20:23:11,310] {processor.py:641} INFO - Processing file /home/dags/lead_scoring_inference_pipeline/utils.py for tasks to queue
[2024-01-07 20:23:11,310] {logging_mixin.py:115} INFO - [2024-01-07 20:23:11,310] {dagbag.py:508} INFO - Filling up the DagBag from /home/dags/lead_scoring_inference_pipeline/utils.py
[2024-01-07 20:23:12,073] {logging_mixin.py:115} INFO - [2024-01-07 20:23:12,073] {utils.py:145} INFO - Note: NumExpr detected 64 cores but "NUMEXPR_MAX_THREADS" not set, so enforcing safe limit of 8.
[2024-01-07 20:23:12,073] {logging_mixin.py:115} INFO - [2024-01-07 20:23:12,073] {utils.py:157} INFO - NumExpr defaulting to 8 threads.
[2024-01-07 20:23:12,234] {processor.py:653} WARNING - No viable dags retrieved from /home/dags/lead_scoring_inference_pipeline/utils.py
[2024-01-07 20:23:12,252] {processor.py:161} INFO - Processing /home/dags/lead_scoring_inference_pipeline/utils.py took 0.946 seconds
[2024-01-07 20:23:58,845] {processor.py:153} INFO - Started process (PID=17901) to work on /home/dags/lead_scoring_inference_pipeline/utils.py
[2024-01-07 20:23:58,845] {processor.py:641} INFO - Processing file /home/dags/lead_scoring_inference_pipeline/utils.py for tasks to queue
[2024-01-07 20:23:58,846] {logging_mixin.py:115} INFO - [2024-01-07 20:23:58,846] {dagbag.py:508} INFO - Filling up the DagBag from /home/dags/lead_scoring_inference_pipeline/utils.py
[2024-01-07 20:23:59,593] {logging_mixin.py:115} INFO - [2024-01-07 20:23:59,593] {utils.py:145} INFO - Note: NumExpr detected 64 cores but "NUMEXPR_MAX_THREADS" not set, so enforcing safe limit of 8.
[2024-01-07 20:23:59,593] {logging_mixin.py:115} INFO - [2024-01-07 20:23:59,593] {utils.py:157} INFO - NumExpr defaulting to 8 threads.
[2024-01-07 20:23:59,754] {processor.py:653} WARNING - No viable dags retrieved from /home/dags/lead_scoring_inference_pipeline/utils.py
[2024-01-07 20:23:59,775] {processor.py:161} INFO - Processing /home/dags/lead_scoring_inference_pipeline/utils.py took 0.933 seconds
[2024-01-07 20:24:51,782] {processor.py:153} INFO - Started process (PID=18007) to work on /home/dags/lead_scoring_inference_pipeline/utils.py
[2024-01-07 20:24:51,783] {processor.py:641} INFO - Processing file /home/dags/lead_scoring_inference_pipeline/utils.py for tasks to queue
[2024-01-07 20:24:51,783] {logging_mixin.py:115} INFO - [2024-01-07 20:24:51,783] {dagbag.py:508} INFO - Filling up the DagBag from /home/dags/lead_scoring_inference_pipeline/utils.py
[2024-01-07 20:24:52,534] {logging_mixin.py:115} INFO - [2024-01-07 20:24:52,534] {utils.py:145} INFO - Note: NumExpr detected 64 cores but "NUMEXPR_MAX_THREADS" not set, so enforcing safe limit of 8.
[2024-01-07 20:24:52,534] {logging_mixin.py:115} INFO - [2024-01-07 20:24:52,534] {utils.py:157} INFO - NumExpr defaulting to 8 threads.
[2024-01-07 20:24:52,695] {processor.py:653} WARNING - No viable dags retrieved from /home/dags/lead_scoring_inference_pipeline/utils.py
[2024-01-07 20:24:52,715] {processor.py:161} INFO - Processing /home/dags/lead_scoring_inference_pipeline/utils.py took 0.936 seconds
