[2024-01-07 14:47:43,009] {taskinstance.py:1179} INFO - Dependencies all met for <TaskInstance: Lead_Scoring_Data_Engineering_Pipeline.building_db manual__2024-01-07T14:47:38.087609+00:00 [queued]>
[2024-01-07 14:47:43,022] {taskinstance.py:1179} INFO - Dependencies all met for <TaskInstance: Lead_Scoring_Data_Engineering_Pipeline.building_db manual__2024-01-07T14:47:38.087609+00:00 [queued]>
[2024-01-07 14:47:43,023] {taskinstance.py:1376} INFO - 
--------------------------------------------------------------------------------
[2024-01-07 14:47:43,023] {taskinstance.py:1377} INFO - Starting attempt 1 of 2
[2024-01-07 14:47:43,023] {taskinstance.py:1378} INFO - 
--------------------------------------------------------------------------------
[2024-01-07 14:47:43,042] {taskinstance.py:1397} INFO - Executing <Task(PythonOperator): building_db> on 2024-01-07 14:47:38.087609+00:00
[2024-01-07 14:47:43,046] {standard_task_runner.py:52} INFO - Started process 5095 to run task
[2024-01-07 14:47:43,051] {standard_task_runner.py:79} INFO - Running: ['airflow', 'tasks', 'run', 'Lead_Scoring_Data_Engineering_Pipeline', 'building_db', 'manual__2024-01-07T14:47:38.087609+00:00', '--job-id', '5', '--raw', '--subdir', 'DAGS_FOLDER/lead_scoring_data_pipeline/.ipynb_checkpoints/lead_scoring_data_pipeline-checkpoint.py', '--cfg-path', '/tmp/tmpt2c1zfil', '--error-file', '/tmp/tmp812b4de2']
[2024-01-07 14:47:43,051] {standard_task_runner.py:80} INFO - Job 5: Subtask building_db
[2024-01-07 14:47:43,109] {task_command.py:371} INFO - Running <TaskInstance: Lead_Scoring_Data_Engineering_Pipeline.building_db manual__2024-01-07T14:47:38.087609+00:00 [running]> on host b7effb8babf7
[2024-01-07 14:47:43,176] {taskinstance.py:1589} INFO - Exporting the following env vars:
AIRFLOW_CTX_DAG_OWNER=airflow
AIRFLOW_CTX_DAG_ID=Lead_Scoring_Data_Engineering_Pipeline
AIRFLOW_CTX_TASK_ID=building_db
AIRFLOW_CTX_EXECUTION_DATE=2024-01-07T14:47:38.087609+00:00
AIRFLOW_CTX_TRY_NUMBER=1
AIRFLOW_CTX_DAG_RUN_ID=manual__2024-01-07T14:47:38.087609+00:00
[2024-01-07 14:47:43,177] {logging_mixin.py:115} INFO - DB Already Exists
[2024-01-07 14:47:43,177] {logging_mixin.py:115} INFO - /home
[2024-01-07 14:47:43,177] {python.py:173} INFO - Done. Returned value was: DB Exists
[2024-01-07 14:47:43,205] {taskinstance.py:1415} INFO - Marking task as SUCCESS. dag_id=Lead_Scoring_Data_Engineering_Pipeline, task_id=building_db, execution_date=20240107T144738, start_date=20240107T144743, end_date=20240107T144743
[2024-01-07 14:47:43,260] {local_task_job.py:156} INFO - Task exited with return code 0
[2024-01-07 14:47:43,305] {local_task_job.py:273} INFO - 1 downstream tasks scheduled from follow-on schedule check
