[2024-01-07 14:48:12,109] {taskinstance.py:1179} INFO - Dependencies all met for <TaskInstance: Lead_Scoring_Data_Engineering_Pipeline.mapping_categorical_vars scheduled__2024-01-06T00:00:00+00:00 [queued]>
[2024-01-07 14:48:12,120] {taskinstance.py:1179} INFO - Dependencies all met for <TaskInstance: Lead_Scoring_Data_Engineering_Pipeline.mapping_categorical_vars scheduled__2024-01-06T00:00:00+00:00 [queued]>
[2024-01-07 14:48:12,120] {taskinstance.py:1376} INFO - 
--------------------------------------------------------------------------------
[2024-01-07 14:48:12,120] {taskinstance.py:1377} INFO - Starting attempt 1 of 2
[2024-01-07 14:48:12,120] {taskinstance.py:1378} INFO - 
--------------------------------------------------------------------------------
[2024-01-07 14:48:12,140] {taskinstance.py:1397} INFO - Executing <Task(PythonOperator): mapping_categorical_vars> on 2024-01-06 00:00:00+00:00
[2024-01-07 14:48:12,144] {standard_task_runner.py:52} INFO - Started process 5183 to run task
[2024-01-07 14:48:12,149] {standard_task_runner.py:79} INFO - Running: ['airflow', 'tasks', 'run', 'Lead_Scoring_Data_Engineering_Pipeline', 'mapping_categorical_vars', 'scheduled__2024-01-06T00:00:00+00:00', '--job-id', '12', '--raw', '--subdir', 'DAGS_FOLDER/lead_scoring_data_pipeline/lead_scoring_data_pipeline.py', '--cfg-path', '/tmp/tmp45r8ljdu', '--error-file', '/tmp/tmprlwq7w5z']
[2024-01-07 14:48:12,149] {standard_task_runner.py:80} INFO - Job 12: Subtask mapping_categorical_vars
[2024-01-07 14:48:12,214] {task_command.py:371} INFO - Running <TaskInstance: Lead_Scoring_Data_Engineering_Pipeline.mapping_categorical_vars scheduled__2024-01-06T00:00:00+00:00 [running]> on host b7effb8babf7
[2024-01-07 14:48:12,278] {taskinstance.py:1589} INFO - Exporting the following env vars:
AIRFLOW_CTX_DAG_OWNER=airflow
AIRFLOW_CTX_DAG_ID=Lead_Scoring_Data_Engineering_Pipeline
AIRFLOW_CTX_TASK_ID=mapping_categorical_vars
AIRFLOW_CTX_EXECUTION_DATE=2024-01-06T00:00:00+00:00
AIRFLOW_CTX_TRY_NUMBER=1
AIRFLOW_CTX_DAG_RUN_ID=scheduled__2024-01-06T00:00:00+00:00
[2024-01-07 14:48:15,993] {logging_mixin.py:115} INFO - Reading of city_tier_mapped data completed
[2024-01-07 14:48:16,036] {logging_mixin.py:115} WARNING - /home/dags/lead_scoring_data_pipeline/utils.py:242 SettingWithCopyWarning: 
A value is trying to be set on a copy of a slice from a DataFrame.
Try using .loc[row_indexer,col_indexer] = value instead

See the caveats in the documentation: https://pandas.pydata.org/pandas-docs/stable/user_guide/indexing.html#returning-a-view-versus-a-copy
[2024-01-07 14:48:16,371] {logging_mixin.py:115} WARNING - /home/dags/lead_scoring_data_pipeline/utils.py:250 SettingWithCopyWarning: 
A value is trying to be set on a copy of a slice from a DataFrame.
Try using .loc[row_indexer,col_indexer] = value instead

See the caveats in the documentation: https://pandas.pydata.org/pandas-docs/stable/user_guide/indexing.html#returning-a-view-versus-a-copy
[2024-01-07 14:48:16,683] {logging_mixin.py:115} WARNING - /home/dags/lead_scoring_data_pipeline/utils.py:257 SettingWithCopyWarning: 
A value is trying to be set on a copy of a slice from a DataFrame.
Try using .loc[row_indexer,col_indexer] = value instead

See the caveats in the documentation: https://pandas.pydata.org/pandas-docs/stable/user_guide/indexing.html#returning-a-view-versus-a-copy
[2024-01-07 14:48:17,396] {logging_mixin.py:115} INFO - Storing mapped df to table categorical_variables_mapped
[2024-01-07 14:48:22,371] {python.py:173} INFO - Done. Returned value was: None
[2024-01-07 14:48:22,383] {taskinstance.py:1415} INFO - Marking task as SUCCESS. dag_id=Lead_Scoring_Data_Engineering_Pipeline, task_id=mapping_categorical_vars, execution_date=20240106T000000, start_date=20240107T144812, end_date=20240107T144822
[2024-01-07 14:48:22,442] {local_task_job.py:156} INFO - Task exited with return code 0
[2024-01-07 14:48:22,484] {local_task_job.py:273} INFO - 1 downstream tasks scheduled from follow-on schedule check
