[2024-01-07 14:47:40,684] {taskinstance.py:1179} INFO - Dependencies all met for <TaskInstance: Lead_Scoring_Data_Engineering_Pipeline.building_db scheduled__2024-01-06T00:00:00+00:00 [queued]>
[2024-01-07 14:47:40,698] {taskinstance.py:1179} INFO - Dependencies all met for <TaskInstance: Lead_Scoring_Data_Engineering_Pipeline.building_db scheduled__2024-01-06T00:00:00+00:00 [queued]>
[2024-01-07 14:47:40,698] {taskinstance.py:1376} INFO - 
--------------------------------------------------------------------------------
[2024-01-07 14:47:40,698] {taskinstance.py:1377} INFO - Starting attempt 1 of 2
[2024-01-07 14:47:40,698] {taskinstance.py:1378} INFO - 
--------------------------------------------------------------------------------
[2024-01-07 14:47:40,718] {taskinstance.py:1397} INFO - Executing <Task(PythonOperator): building_db> on 2024-01-06 00:00:00+00:00
[2024-01-07 14:47:40,722] {standard_task_runner.py:52} INFO - Started process 5083 to run task
[2024-01-07 14:47:40,726] {standard_task_runner.py:79} INFO - Running: ['airflow', 'tasks', 'run', 'Lead_Scoring_Data_Engineering_Pipeline', 'building_db', 'scheduled__2024-01-06T00:00:00+00:00', '--job-id', '4', '--raw', '--subdir', 'DAGS_FOLDER/lead_scoring_data_pipeline/.ipynb_checkpoints/lead_scoring_data_pipeline-checkpoint.py', '--cfg-path', '/tmp/tmp3cwehkbl', '--error-file', '/tmp/tmpcqsevwk4']
[2024-01-07 14:47:40,727] {standard_task_runner.py:80} INFO - Job 4: Subtask building_db
[2024-01-07 14:47:40,793] {task_command.py:371} INFO - Running <TaskInstance: Lead_Scoring_Data_Engineering_Pipeline.building_db scheduled__2024-01-06T00:00:00+00:00 [running]> on host b7effb8babf7
[2024-01-07 14:47:40,878] {taskinstance.py:1589} INFO - Exporting the following env vars:
AIRFLOW_CTX_DAG_OWNER=airflow
AIRFLOW_CTX_DAG_ID=Lead_Scoring_Data_Engineering_Pipeline
AIRFLOW_CTX_TASK_ID=building_db
AIRFLOW_CTX_EXECUTION_DATE=2024-01-06T00:00:00+00:00
AIRFLOW_CTX_TRY_NUMBER=1
AIRFLOW_CTX_DAG_RUN_ID=scheduled__2024-01-06T00:00:00+00:00
[2024-01-07 14:47:40,880] {logging_mixin.py:115} INFO - Creating Database
[2024-01-07 14:47:40,881] {logging_mixin.py:115} INFO - New DB Created
[2024-01-07 14:47:40,881] {python.py:173} INFO - Done. Returned value was: DB created
[2024-01-07 14:47:40,915] {taskinstance.py:1415} INFO - Marking task as SUCCESS. dag_id=Lead_Scoring_Data_Engineering_Pipeline, task_id=building_db, execution_date=20240106T000000, start_date=20240107T144740, end_date=20240107T144740
[2024-01-07 14:47:40,976] {local_task_job.py:156} INFO - Task exited with return code 0
[2024-01-07 14:47:41,019] {local_task_job.py:273} INFO - 1 downstream tasks scheduled from follow-on schedule check
