[2024-01-07 19:54:10,180] {processor.py:153} INFO - Started process (PID=13912) to work on /home/dags/lead_scoring_inference_pipeline/.ipynb_checkpoints/utils-checkpoint.py
[2024-01-07 19:54:10,180] {processor.py:641} INFO - Processing file /home/dags/lead_scoring_inference_pipeline/.ipynb_checkpoints/utils-checkpoint.py for tasks to queue
[2024-01-07 19:54:10,181] {logging_mixin.py:115} INFO - [2024-01-07 19:54:10,180] {dagbag.py:508} INFO - Filling up the DagBag from /home/dags/lead_scoring_inference_pipeline/.ipynb_checkpoints/utils-checkpoint.py
[2024-01-07 19:54:10,865] {logging_mixin.py:115} INFO - [2024-01-07 19:54:10,865] {utils.py:145} INFO - Note: NumExpr detected 64 cores but "NUMEXPR_MAX_THREADS" not set, so enforcing safe limit of 8.
[2024-01-07 19:54:10,865] {logging_mixin.py:115} INFO - [2024-01-07 19:54:10,865] {utils.py:157} INFO - NumExpr defaulting to 8 threads.
[2024-01-07 19:54:11,025] {processor.py:653} WARNING - No viable dags retrieved from /home/dags/lead_scoring_inference_pipeline/.ipynb_checkpoints/utils-checkpoint.py
[2024-01-07 19:54:11,045] {processor.py:161} INFO - Processing /home/dags/lead_scoring_inference_pipeline/.ipynb_checkpoints/utils-checkpoint.py took 0.868 seconds
[2024-01-07 19:55:02,867] {processor.py:153} INFO - Started process (PID=14015) to work on /home/dags/lead_scoring_inference_pipeline/.ipynb_checkpoints/utils-checkpoint.py
[2024-01-07 19:55:02,867] {processor.py:641} INFO - Processing file /home/dags/lead_scoring_inference_pipeline/.ipynb_checkpoints/utils-checkpoint.py for tasks to queue
[2024-01-07 19:55:02,868] {logging_mixin.py:115} INFO - [2024-01-07 19:55:02,868] {dagbag.py:508} INFO - Filling up the DagBag from /home/dags/lead_scoring_inference_pipeline/.ipynb_checkpoints/utils-checkpoint.py
[2024-01-07 19:55:03,530] {logging_mixin.py:115} INFO - [2024-01-07 19:55:03,530] {utils.py:145} INFO - Note: NumExpr detected 64 cores but "NUMEXPR_MAX_THREADS" not set, so enforcing safe limit of 8.
[2024-01-07 19:55:03,530] {logging_mixin.py:115} INFO - [2024-01-07 19:55:03,530] {utils.py:157} INFO - NumExpr defaulting to 8 threads.
[2024-01-07 19:55:03,690] {processor.py:653} WARNING - No viable dags retrieved from /home/dags/lead_scoring_inference_pipeline/.ipynb_checkpoints/utils-checkpoint.py
[2024-01-07 19:55:03,711] {processor.py:161} INFO - Processing /home/dags/lead_scoring_inference_pipeline/.ipynb_checkpoints/utils-checkpoint.py took 0.847 seconds
[2024-01-07 19:55:53,711] {processor.py:153} INFO - Started process (PID=14125) to work on /home/dags/lead_scoring_inference_pipeline/.ipynb_checkpoints/utils-checkpoint.py
[2024-01-07 19:55:53,712] {processor.py:641} INFO - Processing file /home/dags/lead_scoring_inference_pipeline/.ipynb_checkpoints/utils-checkpoint.py for tasks to queue
[2024-01-07 19:55:53,712] {logging_mixin.py:115} INFO - [2024-01-07 19:55:53,712] {dagbag.py:508} INFO - Filling up the DagBag from /home/dags/lead_scoring_inference_pipeline/.ipynb_checkpoints/utils-checkpoint.py
[2024-01-07 19:55:54,372] {logging_mixin.py:115} INFO - [2024-01-07 19:55:54,372] {utils.py:145} INFO - Note: NumExpr detected 64 cores but "NUMEXPR_MAX_THREADS" not set, so enforcing safe limit of 8.
[2024-01-07 19:55:54,372] {logging_mixin.py:115} INFO - [2024-01-07 19:55:54,372] {utils.py:157} INFO - NumExpr defaulting to 8 threads.
[2024-01-07 19:55:54,532] {processor.py:653} WARNING - No viable dags retrieved from /home/dags/lead_scoring_inference_pipeline/.ipynb_checkpoints/utils-checkpoint.py
[2024-01-07 19:55:54,552] {processor.py:161} INFO - Processing /home/dags/lead_scoring_inference_pipeline/.ipynb_checkpoints/utils-checkpoint.py took 0.844 seconds
[2024-01-07 19:56:44,068] {processor.py:153} INFO - Started process (PID=14230) to work on /home/dags/lead_scoring_inference_pipeline/.ipynb_checkpoints/utils-checkpoint.py
[2024-01-07 19:56:44,068] {processor.py:641} INFO - Processing file /home/dags/lead_scoring_inference_pipeline/.ipynb_checkpoints/utils-checkpoint.py for tasks to queue
[2024-01-07 19:56:44,069] {logging_mixin.py:115} INFO - [2024-01-07 19:56:44,069] {dagbag.py:508} INFO - Filling up the DagBag from /home/dags/lead_scoring_inference_pipeline/.ipynb_checkpoints/utils-checkpoint.py
[2024-01-07 19:56:44,759] {logging_mixin.py:115} INFO - [2024-01-07 19:56:44,759] {utils.py:145} INFO - Note: NumExpr detected 64 cores but "NUMEXPR_MAX_THREADS" not set, so enforcing safe limit of 8.
[2024-01-07 19:56:44,759] {logging_mixin.py:115} INFO - [2024-01-07 19:56:44,759] {utils.py:157} INFO - NumExpr defaulting to 8 threads.
[2024-01-07 19:56:44,930] {processor.py:653} WARNING - No viable dags retrieved from /home/dags/lead_scoring_inference_pipeline/.ipynb_checkpoints/utils-checkpoint.py
[2024-01-07 19:56:44,952] {processor.py:161} INFO - Processing /home/dags/lead_scoring_inference_pipeline/.ipynb_checkpoints/utils-checkpoint.py took 0.887 seconds
[2024-01-07 19:57:34,580] {processor.py:153} INFO - Started process (PID=14332) to work on /home/dags/lead_scoring_inference_pipeline/.ipynb_checkpoints/utils-checkpoint.py
[2024-01-07 19:57:34,581] {processor.py:641} INFO - Processing file /home/dags/lead_scoring_inference_pipeline/.ipynb_checkpoints/utils-checkpoint.py for tasks to queue
[2024-01-07 19:57:34,581] {logging_mixin.py:115} INFO - [2024-01-07 19:57:34,581] {dagbag.py:508} INFO - Filling up the DagBag from /home/dags/lead_scoring_inference_pipeline/.ipynb_checkpoints/utils-checkpoint.py
[2024-01-07 19:57:35,246] {logging_mixin.py:115} INFO - [2024-01-07 19:57:35,246] {utils.py:145} INFO - Note: NumExpr detected 64 cores but "NUMEXPR_MAX_THREADS" not set, so enforcing safe limit of 8.
[2024-01-07 19:57:35,246] {logging_mixin.py:115} INFO - [2024-01-07 19:57:35,246] {utils.py:157} INFO - NumExpr defaulting to 8 threads.
[2024-01-07 19:57:35,405] {processor.py:653} WARNING - No viable dags retrieved from /home/dags/lead_scoring_inference_pipeline/.ipynb_checkpoints/utils-checkpoint.py
[2024-01-07 19:57:35,425] {processor.py:161} INFO - Processing /home/dags/lead_scoring_inference_pipeline/.ipynb_checkpoints/utils-checkpoint.py took 0.848 seconds
[2024-01-07 19:58:25,211] {processor.py:153} INFO - Started process (PID=14450) to work on /home/dags/lead_scoring_inference_pipeline/.ipynb_checkpoints/utils-checkpoint.py
[2024-01-07 19:58:25,211] {processor.py:641} INFO - Processing file /home/dags/lead_scoring_inference_pipeline/.ipynb_checkpoints/utils-checkpoint.py for tasks to queue
[2024-01-07 19:58:25,212] {logging_mixin.py:115} INFO - [2024-01-07 19:58:25,211] {dagbag.py:508} INFO - Filling up the DagBag from /home/dags/lead_scoring_inference_pipeline/.ipynb_checkpoints/utils-checkpoint.py
[2024-01-07 19:58:25,889] {logging_mixin.py:115} INFO - [2024-01-07 19:58:25,889] {utils.py:145} INFO - Note: NumExpr detected 64 cores but "NUMEXPR_MAX_THREADS" not set, so enforcing safe limit of 8.
[2024-01-07 19:58:25,889] {logging_mixin.py:115} INFO - [2024-01-07 19:58:25,889] {utils.py:157} INFO - NumExpr defaulting to 8 threads.
[2024-01-07 19:58:26,054] {processor.py:653} WARNING - No viable dags retrieved from /home/dags/lead_scoring_inference_pipeline/.ipynb_checkpoints/utils-checkpoint.py
[2024-01-07 19:58:26,073] {processor.py:161} INFO - Processing /home/dags/lead_scoring_inference_pipeline/.ipynb_checkpoints/utils-checkpoint.py took 0.866 seconds
[2024-01-07 19:59:18,131] {processor.py:153} INFO - Started process (PID=14637) to work on /home/dags/lead_scoring_inference_pipeline/.ipynb_checkpoints/utils-checkpoint.py
[2024-01-07 19:59:18,132] {processor.py:641} INFO - Processing file /home/dags/lead_scoring_inference_pipeline/.ipynb_checkpoints/utils-checkpoint.py for tasks to queue
[2024-01-07 19:59:18,132] {logging_mixin.py:115} INFO - [2024-01-07 19:59:18,132] {dagbag.py:508} INFO - Filling up the DagBag from /home/dags/lead_scoring_inference_pipeline/.ipynb_checkpoints/utils-checkpoint.py
[2024-01-07 19:59:18,792] {logging_mixin.py:115} INFO - [2024-01-07 19:59:18,792] {utils.py:145} INFO - Note: NumExpr detected 64 cores but "NUMEXPR_MAX_THREADS" not set, so enforcing safe limit of 8.
[2024-01-07 19:59:18,792] {logging_mixin.py:115} INFO - [2024-01-07 19:59:18,792] {utils.py:157} INFO - NumExpr defaulting to 8 threads.
[2024-01-07 19:59:18,951] {processor.py:653} WARNING - No viable dags retrieved from /home/dags/lead_scoring_inference_pipeline/.ipynb_checkpoints/utils-checkpoint.py
[2024-01-07 19:59:18,971] {processor.py:161} INFO - Processing /home/dags/lead_scoring_inference_pipeline/.ipynb_checkpoints/utils-checkpoint.py took 0.843 seconds
[2024-01-07 20:01:12,534] {processor.py:153} INFO - Started process (PID=14787) to work on /home/dags/lead_scoring_inference_pipeline/.ipynb_checkpoints/utils-checkpoint.py
[2024-01-07 20:01:12,534] {processor.py:641} INFO - Processing file /home/dags/lead_scoring_inference_pipeline/.ipynb_checkpoints/utils-checkpoint.py for tasks to queue
[2024-01-07 20:01:12,535] {logging_mixin.py:115} INFO - [2024-01-07 20:01:12,535] {dagbag.py:508} INFO - Filling up the DagBag from /home/dags/lead_scoring_inference_pipeline/.ipynb_checkpoints/utils-checkpoint.py
[2024-01-07 20:01:13,278] {logging_mixin.py:115} INFO - [2024-01-07 20:01:13,278] {utils.py:145} INFO - Note: NumExpr detected 64 cores but "NUMEXPR_MAX_THREADS" not set, so enforcing safe limit of 8.
[2024-01-07 20:01:13,278] {logging_mixin.py:115} INFO - [2024-01-07 20:01:13,278] {utils.py:157} INFO - NumExpr defaulting to 8 threads.
[2024-01-07 20:01:13,440] {processor.py:653} WARNING - No viable dags retrieved from /home/dags/lead_scoring_inference_pipeline/.ipynb_checkpoints/utils-checkpoint.py
[2024-01-07 20:01:13,461] {processor.py:161} INFO - Processing /home/dags/lead_scoring_inference_pipeline/.ipynb_checkpoints/utils-checkpoint.py took 0.929 seconds
[2024-01-07 20:02:39,464] {processor.py:153} INFO - Started process (PID=14915) to work on /home/dags/lead_scoring_inference_pipeline/.ipynb_checkpoints/utils-checkpoint.py
[2024-01-07 20:02:39,464] {processor.py:641} INFO - Processing file /home/dags/lead_scoring_inference_pipeline/.ipynb_checkpoints/utils-checkpoint.py for tasks to queue
[2024-01-07 20:02:39,465] {logging_mixin.py:115} INFO - [2024-01-07 20:02:39,465] {dagbag.py:508} INFO - Filling up the DagBag from /home/dags/lead_scoring_inference_pipeline/.ipynb_checkpoints/utils-checkpoint.py
[2024-01-07 20:02:40,202] {logging_mixin.py:115} INFO - [2024-01-07 20:02:40,202] {utils.py:145} INFO - Note: NumExpr detected 64 cores but "NUMEXPR_MAX_THREADS" not set, so enforcing safe limit of 8.
[2024-01-07 20:02:40,202] {logging_mixin.py:115} INFO - [2024-01-07 20:02:40,202] {utils.py:157} INFO - NumExpr defaulting to 8 threads.
[2024-01-07 20:02:40,364] {processor.py:653} WARNING - No viable dags retrieved from /home/dags/lead_scoring_inference_pipeline/.ipynb_checkpoints/utils-checkpoint.py
[2024-01-07 20:02:40,385] {processor.py:161} INFO - Processing /home/dags/lead_scoring_inference_pipeline/.ipynb_checkpoints/utils-checkpoint.py took 0.924 seconds
[2024-01-07 20:04:06,032] {processor.py:153} INFO - Started process (PID=15119) to work on /home/dags/lead_scoring_inference_pipeline/.ipynb_checkpoints/utils-checkpoint.py
[2024-01-07 20:04:06,032] {processor.py:641} INFO - Processing file /home/dags/lead_scoring_inference_pipeline/.ipynb_checkpoints/utils-checkpoint.py for tasks to queue
[2024-01-07 20:04:06,033] {logging_mixin.py:115} INFO - [2024-01-07 20:04:06,033] {dagbag.py:508} INFO - Filling up the DagBag from /home/dags/lead_scoring_inference_pipeline/.ipynb_checkpoints/utils-checkpoint.py
[2024-01-07 20:04:06,774] {logging_mixin.py:115} INFO - [2024-01-07 20:04:06,774] {utils.py:145} INFO - Note: NumExpr detected 64 cores but "NUMEXPR_MAX_THREADS" not set, so enforcing safe limit of 8.
[2024-01-07 20:04:06,774] {logging_mixin.py:115} INFO - [2024-01-07 20:04:06,774] {utils.py:157} INFO - NumExpr defaulting to 8 threads.
[2024-01-07 20:04:06,935] {processor.py:653} WARNING - No viable dags retrieved from /home/dags/lead_scoring_inference_pipeline/.ipynb_checkpoints/utils-checkpoint.py
[2024-01-07 20:04:06,955] {processor.py:161} INFO - Processing /home/dags/lead_scoring_inference_pipeline/.ipynb_checkpoints/utils-checkpoint.py took 0.926 seconds
[2024-01-07 20:04:57,456] {processor.py:153} INFO - Started process (PID=15234) to work on /home/dags/lead_scoring_inference_pipeline/.ipynb_checkpoints/utils-checkpoint.py
[2024-01-07 20:04:57,457] {processor.py:641} INFO - Processing file /home/dags/lead_scoring_inference_pipeline/.ipynb_checkpoints/utils-checkpoint.py for tasks to queue
[2024-01-07 20:04:57,457] {logging_mixin.py:115} INFO - [2024-01-07 20:04:57,457] {dagbag.py:508} INFO - Filling up the DagBag from /home/dags/lead_scoring_inference_pipeline/.ipynb_checkpoints/utils-checkpoint.py
[2024-01-07 20:04:58,199] {logging_mixin.py:115} INFO - [2024-01-07 20:04:58,199] {utils.py:145} INFO - Note: NumExpr detected 64 cores but "NUMEXPR_MAX_THREADS" not set, so enforcing safe limit of 8.
[2024-01-07 20:04:58,199] {logging_mixin.py:115} INFO - [2024-01-07 20:04:58,199] {utils.py:157} INFO - NumExpr defaulting to 8 threads.
[2024-01-07 20:04:58,359] {processor.py:653} WARNING - No viable dags retrieved from /home/dags/lead_scoring_inference_pipeline/.ipynb_checkpoints/utils-checkpoint.py
[2024-01-07 20:04:58,379] {processor.py:161} INFO - Processing /home/dags/lead_scoring_inference_pipeline/.ipynb_checkpoints/utils-checkpoint.py took 0.927 seconds
[2024-01-07 20:05:48,959] {processor.py:153} INFO - Started process (PID=15340) to work on /home/dags/lead_scoring_inference_pipeline/.ipynb_checkpoints/utils-checkpoint.py
[2024-01-07 20:05:48,960] {processor.py:641} INFO - Processing file /home/dags/lead_scoring_inference_pipeline/.ipynb_checkpoints/utils-checkpoint.py for tasks to queue
[2024-01-07 20:05:48,960] {logging_mixin.py:115} INFO - [2024-01-07 20:05:48,960] {dagbag.py:508} INFO - Filling up the DagBag from /home/dags/lead_scoring_inference_pipeline/.ipynb_checkpoints/utils-checkpoint.py
[2024-01-07 20:05:49,714] {logging_mixin.py:115} INFO - [2024-01-07 20:05:49,714] {utils.py:145} INFO - Note: NumExpr detected 64 cores but "NUMEXPR_MAX_THREADS" not set, so enforcing safe limit of 8.
[2024-01-07 20:05:49,714] {logging_mixin.py:115} INFO - [2024-01-07 20:05:49,714] {utils.py:157} INFO - NumExpr defaulting to 8 threads.
[2024-01-07 20:05:49,874] {processor.py:653} WARNING - No viable dags retrieved from /home/dags/lead_scoring_inference_pipeline/.ipynb_checkpoints/utils-checkpoint.py
[2024-01-07 20:05:49,894] {processor.py:161} INFO - Processing /home/dags/lead_scoring_inference_pipeline/.ipynb_checkpoints/utils-checkpoint.py took 0.938 seconds
[2024-01-07 20:06:43,547] {processor.py:153} INFO - Started process (PID=15447) to work on /home/dags/lead_scoring_inference_pipeline/.ipynb_checkpoints/utils-checkpoint.py
[2024-01-07 20:06:43,548] {processor.py:641} INFO - Processing file /home/dags/lead_scoring_inference_pipeline/.ipynb_checkpoints/utils-checkpoint.py for tasks to queue
[2024-01-07 20:06:43,548] {logging_mixin.py:115} INFO - [2024-01-07 20:06:43,548] {dagbag.py:508} INFO - Filling up the DagBag from /home/dags/lead_scoring_inference_pipeline/.ipynb_checkpoints/utils-checkpoint.py
[2024-01-07 20:06:44,291] {logging_mixin.py:115} INFO - [2024-01-07 20:06:44,291] {utils.py:145} INFO - Note: NumExpr detected 64 cores but "NUMEXPR_MAX_THREADS" not set, so enforcing safe limit of 8.
[2024-01-07 20:06:44,291] {logging_mixin.py:115} INFO - [2024-01-07 20:06:44,291] {utils.py:157} INFO - NumExpr defaulting to 8 threads.
[2024-01-07 20:06:44,454] {processor.py:653} WARNING - No viable dags retrieved from /home/dags/lead_scoring_inference_pipeline/.ipynb_checkpoints/utils-checkpoint.py
[2024-01-07 20:06:44,473] {processor.py:161} INFO - Processing /home/dags/lead_scoring_inference_pipeline/.ipynb_checkpoints/utils-checkpoint.py took 0.929 seconds
[2024-01-07 20:07:35,231] {processor.py:153} INFO - Started process (PID=15551) to work on /home/dags/lead_scoring_inference_pipeline/.ipynb_checkpoints/utils-checkpoint.py
[2024-01-07 20:07:35,231] {processor.py:641} INFO - Processing file /home/dags/lead_scoring_inference_pipeline/.ipynb_checkpoints/utils-checkpoint.py for tasks to queue
[2024-01-07 20:07:35,232] {logging_mixin.py:115} INFO - [2024-01-07 20:07:35,232] {dagbag.py:508} INFO - Filling up the DagBag from /home/dags/lead_scoring_inference_pipeline/.ipynb_checkpoints/utils-checkpoint.py
[2024-01-07 20:07:35,980] {logging_mixin.py:115} INFO - [2024-01-07 20:07:35,980] {utils.py:145} INFO - Note: NumExpr detected 64 cores but "NUMEXPR_MAX_THREADS" not set, so enforcing safe limit of 8.
[2024-01-07 20:07:35,980] {logging_mixin.py:115} INFO - [2024-01-07 20:07:35,980] {utils.py:157} INFO - NumExpr defaulting to 8 threads.
[2024-01-07 20:07:36,140] {processor.py:653} WARNING - No viable dags retrieved from /home/dags/lead_scoring_inference_pipeline/.ipynb_checkpoints/utils-checkpoint.py
[2024-01-07 20:07:36,160] {processor.py:161} INFO - Processing /home/dags/lead_scoring_inference_pipeline/.ipynb_checkpoints/utils-checkpoint.py took 0.933 seconds
[2024-01-07 20:08:29,762] {processor.py:153} INFO - Started process (PID=15820) to work on /home/dags/lead_scoring_inference_pipeline/.ipynb_checkpoints/utils-checkpoint.py
[2024-01-07 20:08:29,762] {processor.py:641} INFO - Processing file /home/dags/lead_scoring_inference_pipeline/.ipynb_checkpoints/utils-checkpoint.py for tasks to queue
[2024-01-07 20:08:29,763] {logging_mixin.py:115} INFO - [2024-01-07 20:08:29,762] {dagbag.py:508} INFO - Filling up the DagBag from /home/dags/lead_scoring_inference_pipeline/.ipynb_checkpoints/utils-checkpoint.py
[2024-01-07 20:08:30,502] {logging_mixin.py:115} INFO - [2024-01-07 20:08:30,502] {utils.py:145} INFO - Note: NumExpr detected 64 cores but "NUMEXPR_MAX_THREADS" not set, so enforcing safe limit of 8.
[2024-01-07 20:08:30,503] {logging_mixin.py:115} INFO - [2024-01-07 20:08:30,503] {utils.py:157} INFO - NumExpr defaulting to 8 threads.
[2024-01-07 20:08:30,662] {processor.py:653} WARNING - No viable dags retrieved from /home/dags/lead_scoring_inference_pipeline/.ipynb_checkpoints/utils-checkpoint.py
[2024-01-07 20:08:30,682] {processor.py:161} INFO - Processing /home/dags/lead_scoring_inference_pipeline/.ipynb_checkpoints/utils-checkpoint.py took 0.923 seconds
[2024-01-07 20:09:24,531] {processor.py:153} INFO - Started process (PID=15929) to work on /home/dags/lead_scoring_inference_pipeline/.ipynb_checkpoints/utils-checkpoint.py
[2024-01-07 20:09:24,532] {processor.py:641} INFO - Processing file /home/dags/lead_scoring_inference_pipeline/.ipynb_checkpoints/utils-checkpoint.py for tasks to queue
[2024-01-07 20:09:24,532] {logging_mixin.py:115} INFO - [2024-01-07 20:09:24,532] {dagbag.py:508} INFO - Filling up the DagBag from /home/dags/lead_scoring_inference_pipeline/.ipynb_checkpoints/utils-checkpoint.py
[2024-01-07 20:09:25,279] {logging_mixin.py:115} INFO - [2024-01-07 20:09:25,279] {utils.py:145} INFO - Note: NumExpr detected 64 cores but "NUMEXPR_MAX_THREADS" not set, so enforcing safe limit of 8.
[2024-01-07 20:09:25,279] {logging_mixin.py:115} INFO - [2024-01-07 20:09:25,279] {utils.py:157} INFO - NumExpr defaulting to 8 threads.
[2024-01-07 20:09:25,438] {processor.py:653} WARNING - No viable dags retrieved from /home/dags/lead_scoring_inference_pipeline/.ipynb_checkpoints/utils-checkpoint.py
[2024-01-07 20:09:25,457] {processor.py:161} INFO - Processing /home/dags/lead_scoring_inference_pipeline/.ipynb_checkpoints/utils-checkpoint.py took 0.929 seconds
[2024-01-07 20:10:13,560] {processor.py:153} INFO - Started process (PID=16034) to work on /home/dags/lead_scoring_inference_pipeline/.ipynb_checkpoints/utils-checkpoint.py
[2024-01-07 20:10:13,561] {processor.py:641} INFO - Processing file /home/dags/lead_scoring_inference_pipeline/.ipynb_checkpoints/utils-checkpoint.py for tasks to queue
[2024-01-07 20:10:13,561] {logging_mixin.py:115} INFO - [2024-01-07 20:10:13,561] {dagbag.py:508} INFO - Filling up the DagBag from /home/dags/lead_scoring_inference_pipeline/.ipynb_checkpoints/utils-checkpoint.py
[2024-01-07 20:10:14,300] {logging_mixin.py:115} INFO - [2024-01-07 20:10:14,300] {utils.py:145} INFO - Note: NumExpr detected 64 cores but "NUMEXPR_MAX_THREADS" not set, so enforcing safe limit of 8.
[2024-01-07 20:10:14,300] {logging_mixin.py:115} INFO - [2024-01-07 20:10:14,300] {utils.py:157} INFO - NumExpr defaulting to 8 threads.
[2024-01-07 20:10:14,459] {processor.py:653} WARNING - No viable dags retrieved from /home/dags/lead_scoring_inference_pipeline/.ipynb_checkpoints/utils-checkpoint.py
[2024-01-07 20:10:14,479] {processor.py:161} INFO - Processing /home/dags/lead_scoring_inference_pipeline/.ipynb_checkpoints/utils-checkpoint.py took 0.922 seconds
[2024-01-07 20:11:03,306] {processor.py:153} INFO - Started process (PID=16141) to work on /home/dags/lead_scoring_inference_pipeline/.ipynb_checkpoints/utils-checkpoint.py
[2024-01-07 20:11:03,307] {processor.py:641} INFO - Processing file /home/dags/lead_scoring_inference_pipeline/.ipynb_checkpoints/utils-checkpoint.py for tasks to queue
[2024-01-07 20:11:03,307] {logging_mixin.py:115} INFO - [2024-01-07 20:11:03,307] {dagbag.py:508} INFO - Filling up the DagBag from /home/dags/lead_scoring_inference_pipeline/.ipynb_checkpoints/utils-checkpoint.py
[2024-01-07 20:11:04,055] {logging_mixin.py:115} INFO - [2024-01-07 20:11:04,055] {utils.py:145} INFO - Note: NumExpr detected 64 cores but "NUMEXPR_MAX_THREADS" not set, so enforcing safe limit of 8.
[2024-01-07 20:11:04,055] {logging_mixin.py:115} INFO - [2024-01-07 20:11:04,055] {utils.py:157} INFO - NumExpr defaulting to 8 threads.
[2024-01-07 20:11:04,216] {processor.py:653} WARNING - No viable dags retrieved from /home/dags/lead_scoring_inference_pipeline/.ipynb_checkpoints/utils-checkpoint.py
[2024-01-07 20:11:04,236] {processor.py:161} INFO - Processing /home/dags/lead_scoring_inference_pipeline/.ipynb_checkpoints/utils-checkpoint.py took 0.933 seconds
[2024-01-07 20:11:53,350] {processor.py:153} INFO - Started process (PID=16247) to work on /home/dags/lead_scoring_inference_pipeline/.ipynb_checkpoints/utils-checkpoint.py
[2024-01-07 20:11:53,350] {processor.py:641} INFO - Processing file /home/dags/lead_scoring_inference_pipeline/.ipynb_checkpoints/utils-checkpoint.py for tasks to queue
[2024-01-07 20:11:53,351] {logging_mixin.py:115} INFO - [2024-01-07 20:11:53,351] {dagbag.py:508} INFO - Filling up the DagBag from /home/dags/lead_scoring_inference_pipeline/.ipynb_checkpoints/utils-checkpoint.py
[2024-01-07 20:11:54,136] {logging_mixin.py:115} INFO - [2024-01-07 20:11:54,136] {utils.py:145} INFO - Note: NumExpr detected 64 cores but "NUMEXPR_MAX_THREADS" not set, so enforcing safe limit of 8.
[2024-01-07 20:11:54,137] {logging_mixin.py:115} INFO - [2024-01-07 20:11:54,137] {utils.py:157} INFO - NumExpr defaulting to 8 threads.
[2024-01-07 20:11:54,300] {processor.py:653} WARNING - No viable dags retrieved from /home/dags/lead_scoring_inference_pipeline/.ipynb_checkpoints/utils-checkpoint.py
[2024-01-07 20:11:54,318] {processor.py:161} INFO - Processing /home/dags/lead_scoring_inference_pipeline/.ipynb_checkpoints/utils-checkpoint.py took 0.971 seconds
[2024-01-07 20:12:48,019] {processor.py:153} INFO - Started process (PID=16351) to work on /home/dags/lead_scoring_inference_pipeline/.ipynb_checkpoints/utils-checkpoint.py
[2024-01-07 20:12:48,019] {processor.py:641} INFO - Processing file /home/dags/lead_scoring_inference_pipeline/.ipynb_checkpoints/utils-checkpoint.py for tasks to queue
[2024-01-07 20:12:48,020] {logging_mixin.py:115} INFO - [2024-01-07 20:12:48,020] {dagbag.py:508} INFO - Filling up the DagBag from /home/dags/lead_scoring_inference_pipeline/.ipynb_checkpoints/utils-checkpoint.py
[2024-01-07 20:12:48,761] {logging_mixin.py:115} INFO - [2024-01-07 20:12:48,761] {utils.py:145} INFO - Note: NumExpr detected 64 cores but "NUMEXPR_MAX_THREADS" not set, so enforcing safe limit of 8.
[2024-01-07 20:12:48,761] {logging_mixin.py:115} INFO - [2024-01-07 20:12:48,761] {utils.py:157} INFO - NumExpr defaulting to 8 threads.
[2024-01-07 20:12:48,920] {processor.py:653} WARNING - No viable dags retrieved from /home/dags/lead_scoring_inference_pipeline/.ipynb_checkpoints/utils-checkpoint.py
[2024-01-07 20:12:48,937] {processor.py:161} INFO - Processing /home/dags/lead_scoring_inference_pipeline/.ipynb_checkpoints/utils-checkpoint.py took 0.922 seconds
[2024-01-07 20:13:40,042] {processor.py:153} INFO - Started process (PID=16456) to work on /home/dags/lead_scoring_inference_pipeline/.ipynb_checkpoints/utils-checkpoint.py
[2024-01-07 20:13:40,042] {processor.py:641} INFO - Processing file /home/dags/lead_scoring_inference_pipeline/.ipynb_checkpoints/utils-checkpoint.py for tasks to queue
[2024-01-07 20:13:40,043] {logging_mixin.py:115} INFO - [2024-01-07 20:13:40,042] {dagbag.py:508} INFO - Filling up the DagBag from /home/dags/lead_scoring_inference_pipeline/.ipynb_checkpoints/utils-checkpoint.py
[2024-01-07 20:13:40,804] {logging_mixin.py:115} INFO - [2024-01-07 20:13:40,804] {utils.py:145} INFO - Note: NumExpr detected 64 cores but "NUMEXPR_MAX_THREADS" not set, so enforcing safe limit of 8.
[2024-01-07 20:13:40,805] {logging_mixin.py:115} INFO - [2024-01-07 20:13:40,805] {utils.py:157} INFO - NumExpr defaulting to 8 threads.
[2024-01-07 20:13:40,964] {processor.py:653} WARNING - No viable dags retrieved from /home/dags/lead_scoring_inference_pipeline/.ipynb_checkpoints/utils-checkpoint.py
[2024-01-07 20:13:40,983] {processor.py:161} INFO - Processing /home/dags/lead_scoring_inference_pipeline/.ipynb_checkpoints/utils-checkpoint.py took 0.945 seconds
[2024-01-07 20:14:27,660] {processor.py:153} INFO - Started process (PID=16559) to work on /home/dags/lead_scoring_inference_pipeline/.ipynb_checkpoints/utils-checkpoint.py
[2024-01-07 20:14:27,660] {processor.py:641} INFO - Processing file /home/dags/lead_scoring_inference_pipeline/.ipynb_checkpoints/utils-checkpoint.py for tasks to queue
[2024-01-07 20:14:27,661] {logging_mixin.py:115} INFO - [2024-01-07 20:14:27,661] {dagbag.py:508} INFO - Filling up the DagBag from /home/dags/lead_scoring_inference_pipeline/.ipynb_checkpoints/utils-checkpoint.py
[2024-01-07 20:14:28,406] {logging_mixin.py:115} INFO - [2024-01-07 20:14:28,406] {utils.py:145} INFO - Note: NumExpr detected 64 cores but "NUMEXPR_MAX_THREADS" not set, so enforcing safe limit of 8.
[2024-01-07 20:14:28,406] {logging_mixin.py:115} INFO - [2024-01-07 20:14:28,406] {utils.py:157} INFO - NumExpr defaulting to 8 threads.
[2024-01-07 20:14:28,566] {processor.py:653} WARNING - No viable dags retrieved from /home/dags/lead_scoring_inference_pipeline/.ipynb_checkpoints/utils-checkpoint.py
[2024-01-07 20:14:28,587] {processor.py:161} INFO - Processing /home/dags/lead_scoring_inference_pipeline/.ipynb_checkpoints/utils-checkpoint.py took 0.930 seconds
[2024-01-07 20:15:17,380] {processor.py:153} INFO - Started process (PID=16660) to work on /home/dags/lead_scoring_inference_pipeline/.ipynb_checkpoints/utils-checkpoint.py
[2024-01-07 20:15:17,380] {processor.py:641} INFO - Processing file /home/dags/lead_scoring_inference_pipeline/.ipynb_checkpoints/utils-checkpoint.py for tasks to queue
[2024-01-07 20:15:17,381] {logging_mixin.py:115} INFO - [2024-01-07 20:15:17,380] {dagbag.py:508} INFO - Filling up the DagBag from /home/dags/lead_scoring_inference_pipeline/.ipynb_checkpoints/utils-checkpoint.py
[2024-01-07 20:15:18,145] {logging_mixin.py:115} INFO - [2024-01-07 20:15:18,145] {utils.py:145} INFO - Note: NumExpr detected 64 cores but "NUMEXPR_MAX_THREADS" not set, so enforcing safe limit of 8.
[2024-01-07 20:15:18,145] {logging_mixin.py:115} INFO - [2024-01-07 20:15:18,145] {utils.py:157} INFO - NumExpr defaulting to 8 threads.
[2024-01-07 20:15:18,303] {processor.py:653} WARNING - No viable dags retrieved from /home/dags/lead_scoring_inference_pipeline/.ipynb_checkpoints/utils-checkpoint.py
[2024-01-07 20:15:18,323] {processor.py:161} INFO - Processing /home/dags/lead_scoring_inference_pipeline/.ipynb_checkpoints/utils-checkpoint.py took 0.947 seconds
[2024-01-07 20:16:07,316] {processor.py:153} INFO - Started process (PID=16762) to work on /home/dags/lead_scoring_inference_pipeline/.ipynb_checkpoints/utils-checkpoint.py
[2024-01-07 20:16:07,316] {processor.py:641} INFO - Processing file /home/dags/lead_scoring_inference_pipeline/.ipynb_checkpoints/utils-checkpoint.py for tasks to queue
[2024-01-07 20:16:07,317] {logging_mixin.py:115} INFO - [2024-01-07 20:16:07,317] {dagbag.py:508} INFO - Filling up the DagBag from /home/dags/lead_scoring_inference_pipeline/.ipynb_checkpoints/utils-checkpoint.py
[2024-01-07 20:16:08,060] {logging_mixin.py:115} INFO - [2024-01-07 20:16:08,060] {utils.py:145} INFO - Note: NumExpr detected 64 cores but "NUMEXPR_MAX_THREADS" not set, so enforcing safe limit of 8.
[2024-01-07 20:16:08,060] {logging_mixin.py:115} INFO - [2024-01-07 20:16:08,060] {utils.py:157} INFO - NumExpr defaulting to 8 threads.
[2024-01-07 20:16:08,221] {processor.py:653} WARNING - No viable dags retrieved from /home/dags/lead_scoring_inference_pipeline/.ipynb_checkpoints/utils-checkpoint.py
[2024-01-07 20:16:08,240] {processor.py:161} INFO - Processing /home/dags/lead_scoring_inference_pipeline/.ipynb_checkpoints/utils-checkpoint.py took 0.927 seconds
[2024-01-07 20:16:58,117] {processor.py:153} INFO - Started process (PID=16864) to work on /home/dags/lead_scoring_inference_pipeline/.ipynb_checkpoints/utils-checkpoint.py
[2024-01-07 20:16:58,118] {processor.py:641} INFO - Processing file /home/dags/lead_scoring_inference_pipeline/.ipynb_checkpoints/utils-checkpoint.py for tasks to queue
[2024-01-07 20:16:58,118] {logging_mixin.py:115} INFO - [2024-01-07 20:16:58,118] {dagbag.py:508} INFO - Filling up the DagBag from /home/dags/lead_scoring_inference_pipeline/.ipynb_checkpoints/utils-checkpoint.py
[2024-01-07 20:16:58,862] {logging_mixin.py:115} INFO - [2024-01-07 20:16:58,862] {utils.py:145} INFO - Note: NumExpr detected 64 cores but "NUMEXPR_MAX_THREADS" not set, so enforcing safe limit of 8.
[2024-01-07 20:16:58,862] {logging_mixin.py:115} INFO - [2024-01-07 20:16:58,862] {utils.py:157} INFO - NumExpr defaulting to 8 threads.
[2024-01-07 20:16:59,021] {processor.py:653} WARNING - No viable dags retrieved from /home/dags/lead_scoring_inference_pipeline/.ipynb_checkpoints/utils-checkpoint.py
[2024-01-07 20:16:59,041] {processor.py:161} INFO - Processing /home/dags/lead_scoring_inference_pipeline/.ipynb_checkpoints/utils-checkpoint.py took 0.927 seconds
[2024-01-07 20:17:49,288] {processor.py:153} INFO - Started process (PID=16979) to work on /home/dags/lead_scoring_inference_pipeline/.ipynb_checkpoints/utils-checkpoint.py
[2024-01-07 20:17:49,288] {processor.py:641} INFO - Processing file /home/dags/lead_scoring_inference_pipeline/.ipynb_checkpoints/utils-checkpoint.py for tasks to queue
[2024-01-07 20:17:49,289] {logging_mixin.py:115} INFO - [2024-01-07 20:17:49,288] {dagbag.py:508} INFO - Filling up the DagBag from /home/dags/lead_scoring_inference_pipeline/.ipynb_checkpoints/utils-checkpoint.py
[2024-01-07 20:17:50,090] {logging_mixin.py:115} INFO - [2024-01-07 20:17:50,090] {utils.py:145} INFO - Note: NumExpr detected 64 cores but "NUMEXPR_MAX_THREADS" not set, so enforcing safe limit of 8.
[2024-01-07 20:17:50,090] {logging_mixin.py:115} INFO - [2024-01-07 20:17:50,090] {utils.py:157} INFO - NumExpr defaulting to 8 threads.
[2024-01-07 20:17:50,257] {processor.py:653} WARNING - No viable dags retrieved from /home/dags/lead_scoring_inference_pipeline/.ipynb_checkpoints/utils-checkpoint.py
[2024-01-07 20:17:50,275] {processor.py:161} INFO - Processing /home/dags/lead_scoring_inference_pipeline/.ipynb_checkpoints/utils-checkpoint.py took 0.990 seconds
[2024-01-07 20:18:42,228] {processor.py:153} INFO - Started process (PID=17098) to work on /home/dags/lead_scoring_inference_pipeline/.ipynb_checkpoints/utils-checkpoint.py
[2024-01-07 20:18:42,228] {processor.py:641} INFO - Processing file /home/dags/lead_scoring_inference_pipeline/.ipynb_checkpoints/utils-checkpoint.py for tasks to queue
[2024-01-07 20:18:42,229] {logging_mixin.py:115} INFO - [2024-01-07 20:18:42,229] {dagbag.py:508} INFO - Filling up the DagBag from /home/dags/lead_scoring_inference_pipeline/.ipynb_checkpoints/utils-checkpoint.py
[2024-01-07 20:18:42,972] {logging_mixin.py:115} INFO - [2024-01-07 20:18:42,972] {utils.py:145} INFO - Note: NumExpr detected 64 cores but "NUMEXPR_MAX_THREADS" not set, so enforcing safe limit of 8.
[2024-01-07 20:18:42,972] {logging_mixin.py:115} INFO - [2024-01-07 20:18:42,972] {utils.py:157} INFO - NumExpr defaulting to 8 threads.
[2024-01-07 20:18:43,131] {processor.py:653} WARNING - No viable dags retrieved from /home/dags/lead_scoring_inference_pipeline/.ipynb_checkpoints/utils-checkpoint.py
[2024-01-07 20:18:43,150] {processor.py:161} INFO - Processing /home/dags/lead_scoring_inference_pipeline/.ipynb_checkpoints/utils-checkpoint.py took 0.926 seconds
[2024-01-07 20:19:39,000] {processor.py:153} INFO - Started process (PID=17212) to work on /home/dags/lead_scoring_inference_pipeline/.ipynb_checkpoints/utils-checkpoint.py
[2024-01-07 20:19:39,000] {processor.py:641} INFO - Processing file /home/dags/lead_scoring_inference_pipeline/.ipynb_checkpoints/utils-checkpoint.py for tasks to queue
[2024-01-07 20:19:39,001] {logging_mixin.py:115} INFO - [2024-01-07 20:19:39,001] {dagbag.py:508} INFO - Filling up the DagBag from /home/dags/lead_scoring_inference_pipeline/.ipynb_checkpoints/utils-checkpoint.py
[2024-01-07 20:19:39,747] {logging_mixin.py:115} INFO - [2024-01-07 20:19:39,747] {utils.py:145} INFO - Note: NumExpr detected 64 cores but "NUMEXPR_MAX_THREADS" not set, so enforcing safe limit of 8.
[2024-01-07 20:19:39,748] {logging_mixin.py:115} INFO - [2024-01-07 20:19:39,748] {utils.py:157} INFO - NumExpr defaulting to 8 threads.
[2024-01-07 20:19:39,916] {processor.py:653} WARNING - No viable dags retrieved from /home/dags/lead_scoring_inference_pipeline/.ipynb_checkpoints/utils-checkpoint.py
[2024-01-07 20:19:39,935] {processor.py:161} INFO - Processing /home/dags/lead_scoring_inference_pipeline/.ipynb_checkpoints/utils-checkpoint.py took 0.939 seconds
[2024-01-07 20:20:35,302] {processor.py:153} INFO - Started process (PID=17316) to work on /home/dags/lead_scoring_inference_pipeline/.ipynb_checkpoints/utils-checkpoint.py
[2024-01-07 20:20:35,303] {processor.py:641} INFO - Processing file /home/dags/lead_scoring_inference_pipeline/.ipynb_checkpoints/utils-checkpoint.py for tasks to queue
[2024-01-07 20:20:35,303] {logging_mixin.py:115} INFO - [2024-01-07 20:20:35,303] {dagbag.py:508} INFO - Filling up the DagBag from /home/dags/lead_scoring_inference_pipeline/.ipynb_checkpoints/utils-checkpoint.py
[2024-01-07 20:20:36,062] {logging_mixin.py:115} INFO - [2024-01-07 20:20:36,062] {utils.py:145} INFO - Note: NumExpr detected 64 cores but "NUMEXPR_MAX_THREADS" not set, so enforcing safe limit of 8.
[2024-01-07 20:20:36,062] {logging_mixin.py:115} INFO - [2024-01-07 20:20:36,062] {utils.py:157} INFO - NumExpr defaulting to 8 threads.
[2024-01-07 20:20:36,221] {processor.py:653} WARNING - No viable dags retrieved from /home/dags/lead_scoring_inference_pipeline/.ipynb_checkpoints/utils-checkpoint.py
[2024-01-07 20:20:36,240] {processor.py:161} INFO - Processing /home/dags/lead_scoring_inference_pipeline/.ipynb_checkpoints/utils-checkpoint.py took 0.941 seconds
[2024-01-07 20:21:31,779] {processor.py:153} INFO - Started process (PID=17427) to work on /home/dags/lead_scoring_inference_pipeline/.ipynb_checkpoints/utils-checkpoint.py
[2024-01-07 20:21:31,779] {processor.py:641} INFO - Processing file /home/dags/lead_scoring_inference_pipeline/.ipynb_checkpoints/utils-checkpoint.py for tasks to queue
[2024-01-07 20:21:31,780] {logging_mixin.py:115} INFO - [2024-01-07 20:21:31,780] {dagbag.py:508} INFO - Filling up the DagBag from /home/dags/lead_scoring_inference_pipeline/.ipynb_checkpoints/utils-checkpoint.py
[2024-01-07 20:21:32,527] {logging_mixin.py:115} INFO - [2024-01-07 20:21:32,526] {utils.py:145} INFO - Note: NumExpr detected 64 cores but "NUMEXPR_MAX_THREADS" not set, so enforcing safe limit of 8.
[2024-01-07 20:21:32,527] {logging_mixin.py:115} INFO - [2024-01-07 20:21:32,527] {utils.py:157} INFO - NumExpr defaulting to 8 threads.
[2024-01-07 20:21:32,686] {processor.py:653} WARNING - No viable dags retrieved from /home/dags/lead_scoring_inference_pipeline/.ipynb_checkpoints/utils-checkpoint.py
[2024-01-07 20:21:32,705] {processor.py:161} INFO - Processing /home/dags/lead_scoring_inference_pipeline/.ipynb_checkpoints/utils-checkpoint.py took 0.930 seconds
[2024-01-07 20:22:25,762] {processor.py:153} INFO - Started process (PID=17702) to work on /home/dags/lead_scoring_inference_pipeline/.ipynb_checkpoints/utils-checkpoint.py
[2024-01-07 20:22:25,763] {processor.py:641} INFO - Processing file /home/dags/lead_scoring_inference_pipeline/.ipynb_checkpoints/utils-checkpoint.py for tasks to queue
[2024-01-07 20:22:25,763] {logging_mixin.py:115} INFO - [2024-01-07 20:22:25,763] {dagbag.py:508} INFO - Filling up the DagBag from /home/dags/lead_scoring_inference_pipeline/.ipynb_checkpoints/utils-checkpoint.py
[2024-01-07 20:22:26,503] {logging_mixin.py:115} INFO - [2024-01-07 20:22:26,503] {utils.py:145} INFO - Note: NumExpr detected 64 cores but "NUMEXPR_MAX_THREADS" not set, so enforcing safe limit of 8.
[2024-01-07 20:22:26,503] {logging_mixin.py:115} INFO - [2024-01-07 20:22:26,503] {utils.py:157} INFO - NumExpr defaulting to 8 threads.
[2024-01-07 20:22:26,663] {processor.py:653} WARNING - No viable dags retrieved from /home/dags/lead_scoring_inference_pipeline/.ipynb_checkpoints/utils-checkpoint.py
[2024-01-07 20:22:26,682] {processor.py:161} INFO - Processing /home/dags/lead_scoring_inference_pipeline/.ipynb_checkpoints/utils-checkpoint.py took 0.923 seconds
[2024-01-07 20:23:12,815] {processor.py:153} INFO - Started process (PID=17802) to work on /home/dags/lead_scoring_inference_pipeline/.ipynb_checkpoints/utils-checkpoint.py
[2024-01-07 20:23:12,815] {processor.py:641} INFO - Processing file /home/dags/lead_scoring_inference_pipeline/.ipynb_checkpoints/utils-checkpoint.py for tasks to queue
[2024-01-07 20:23:12,816] {logging_mixin.py:115} INFO - [2024-01-07 20:23:12,816] {dagbag.py:508} INFO - Filling up the DagBag from /home/dags/lead_scoring_inference_pipeline/.ipynb_checkpoints/utils-checkpoint.py
[2024-01-07 20:23:13,573] {logging_mixin.py:115} INFO - [2024-01-07 20:23:13,573] {utils.py:145} INFO - Note: NumExpr detected 64 cores but "NUMEXPR_MAX_THREADS" not set, so enforcing safe limit of 8.
[2024-01-07 20:23:13,573] {logging_mixin.py:115} INFO - [2024-01-07 20:23:13,573] {utils.py:157} INFO - NumExpr defaulting to 8 threads.
[2024-01-07 20:23:13,736] {processor.py:653} WARNING - No viable dags retrieved from /home/dags/lead_scoring_inference_pipeline/.ipynb_checkpoints/utils-checkpoint.py
[2024-01-07 20:23:13,754] {processor.py:161} INFO - Processing /home/dags/lead_scoring_inference_pipeline/.ipynb_checkpoints/utils-checkpoint.py took 0.943 seconds
[2024-01-07 20:24:00,961] {processor.py:153} INFO - Started process (PID=17910) to work on /home/dags/lead_scoring_inference_pipeline/.ipynb_checkpoints/utils-checkpoint.py
[2024-01-07 20:24:00,961] {processor.py:641} INFO - Processing file /home/dags/lead_scoring_inference_pipeline/.ipynb_checkpoints/utils-checkpoint.py for tasks to queue
[2024-01-07 20:24:00,962] {logging_mixin.py:115} INFO - [2024-01-07 20:24:00,962] {dagbag.py:508} INFO - Filling up the DagBag from /home/dags/lead_scoring_inference_pipeline/.ipynb_checkpoints/utils-checkpoint.py
[2024-01-07 20:24:01,710] {logging_mixin.py:115} INFO - [2024-01-07 20:24:01,709] {utils.py:145} INFO - Note: NumExpr detected 64 cores but "NUMEXPR_MAX_THREADS" not set, so enforcing safe limit of 8.
[2024-01-07 20:24:01,710] {logging_mixin.py:115} INFO - [2024-01-07 20:24:01,710] {utils.py:157} INFO - NumExpr defaulting to 8 threads.
[2024-01-07 20:24:01,872] {processor.py:653} WARNING - No viable dags retrieved from /home/dags/lead_scoring_inference_pipeline/.ipynb_checkpoints/utils-checkpoint.py
[2024-01-07 20:24:01,891] {processor.py:161} INFO - Processing /home/dags/lead_scoring_inference_pipeline/.ipynb_checkpoints/utils-checkpoint.py took 0.934 seconds
[2024-01-07 20:24:53,958] {processor.py:153} INFO - Started process (PID=18016) to work on /home/dags/lead_scoring_inference_pipeline/.ipynb_checkpoints/utils-checkpoint.py
[2024-01-07 20:24:53,959] {processor.py:641} INFO - Processing file /home/dags/lead_scoring_inference_pipeline/.ipynb_checkpoints/utils-checkpoint.py for tasks to queue
[2024-01-07 20:24:53,959] {logging_mixin.py:115} INFO - [2024-01-07 20:24:53,959] {dagbag.py:508} INFO - Filling up the DagBag from /home/dags/lead_scoring_inference_pipeline/.ipynb_checkpoints/utils-checkpoint.py
[2024-01-07 20:24:54,704] {logging_mixin.py:115} INFO - [2024-01-07 20:24:54,704] {utils.py:145} INFO - Note: NumExpr detected 64 cores but "NUMEXPR_MAX_THREADS" not set, so enforcing safe limit of 8.
[2024-01-07 20:24:54,704] {logging_mixin.py:115} INFO - [2024-01-07 20:24:54,704] {utils.py:157} INFO - NumExpr defaulting to 8 threads.
[2024-01-07 20:24:54,863] {processor.py:653} WARNING - No viable dags retrieved from /home/dags/lead_scoring_inference_pipeline/.ipynb_checkpoints/utils-checkpoint.py
[2024-01-07 20:24:54,883] {processor.py:161} INFO - Processing /home/dags/lead_scoring_inference_pipeline/.ipynb_checkpoints/utils-checkpoint.py took 0.928 seconds
