[2024-01-07 14:48:42,369] {taskinstance.py:1179} INFO - Dependencies all met for <TaskInstance: Lead_Scoring_Data_Engineering_Pipeline.mapping_interactions manual__2024-01-07T14:47:38.087609+00:00 [queued]>
[2024-01-07 14:48:42,382] {taskinstance.py:1179} INFO - Dependencies all met for <TaskInstance: Lead_Scoring_Data_Engineering_Pipeline.mapping_interactions manual__2024-01-07T14:47:38.087609+00:00 [queued]>
[2024-01-07 14:48:42,382] {taskinstance.py:1376} INFO - 
--------------------------------------------------------------------------------
[2024-01-07 14:48:42,382] {taskinstance.py:1377} INFO - Starting attempt 1 of 2
[2024-01-07 14:48:42,382] {taskinstance.py:1378} INFO - 
--------------------------------------------------------------------------------
[2024-01-07 14:48:42,408] {taskinstance.py:1397} INFO - Executing <Task(PythonOperator): mapping_interactions> on 2024-01-07 14:47:38.087609+00:00
[2024-01-07 14:48:42,413] {standard_task_runner.py:52} INFO - Started process 5218 to run task
[2024-01-07 14:48:42,417] {standard_task_runner.py:79} INFO - Running: ['airflow', 'tasks', 'run', 'Lead_Scoring_Data_Engineering_Pipeline', 'mapping_interactions', 'manual__2024-01-07T14:47:38.087609+00:00', '--job-id', '15', '--raw', '--subdir', 'DAGS_FOLDER/lead_scoring_data_pipeline/lead_scoring_data_pipeline.py', '--cfg-path', '/tmp/tmp9gqsv6ux', '--error-file', '/tmp/tmp553ftii2']
[2024-01-07 14:48:42,418] {standard_task_runner.py:80} INFO - Job 15: Subtask mapping_interactions
[2024-01-07 14:48:42,490] {task_command.py:371} INFO - Running <TaskInstance: Lead_Scoring_Data_Engineering_Pipeline.mapping_interactions manual__2024-01-07T14:47:38.087609+00:00 [running]> on host b7effb8babf7
[2024-01-07 14:48:42,567] {taskinstance.py:1589} INFO - Exporting the following env vars:
AIRFLOW_CTX_DAG_OWNER=airflow
AIRFLOW_CTX_DAG_ID=Lead_Scoring_Data_Engineering_Pipeline
AIRFLOW_CTX_TASK_ID=mapping_interactions
AIRFLOW_CTX_EXECUTION_DATE=2024-01-07T14:47:38.087609+00:00
AIRFLOW_CTX_TRY_NUMBER=1
AIRFLOW_CTX_DAG_RUN_ID=manual__2024-01-07T14:47:38.087609+00:00
[2024-01-07 14:48:46,408] {logging_mixin.py:115} INFO - categorical_variables_mapped table loaded
[2024-01-07 14:48:55,415] {local_task_job.py:156} INFO - Task exited with return code Negsignal.SIGKILL
[2024-01-07 14:48:55,469] {taskinstance.py:1415} INFO - Marking task as UP_FOR_RETRY. dag_id=Lead_Scoring_Data_Engineering_Pipeline, task_id=mapping_interactions, execution_date=20240107T144738, start_date=20240107T144842, end_date=20240107T144855
[2024-01-07 14:48:55,592] {local_task_job.py:273} INFO - 0 downstream tasks scheduled from follow-on schedule check
