[2024-01-07 20:03:21,551] {taskinstance.py:1179} INFO - Dependencies all met for <TaskInstance: Lead_scoring_inference_pipeline.checking_model_prediction_ratio manual__2024-01-07T20:03:03.907896+00:00 [queued]>
[2024-01-07 20:03:21,568] {taskinstance.py:1179} INFO - Dependencies all met for <TaskInstance: Lead_scoring_inference_pipeline.checking_model_prediction_ratio manual__2024-01-07T20:03:03.907896+00:00 [queued]>
[2024-01-07 20:03:21,568] {taskinstance.py:1376} INFO - 
--------------------------------------------------------------------------------
[2024-01-07 20:03:21,568] {taskinstance.py:1377} INFO - Starting attempt 1 of 2
[2024-01-07 20:03:21,568] {taskinstance.py:1378} INFO - 
--------------------------------------------------------------------------------
[2024-01-07 20:03:21,597] {taskinstance.py:1397} INFO - Executing <Task(PythonOperator): checking_model_prediction_ratio> on 2024-01-07 20:03:03.907896+00:00
[2024-01-07 20:03:21,602] {standard_task_runner.py:52} INFO - Started process 15057 to run task
[2024-01-07 20:03:21,605] {standard_task_runner.py:79} INFO - Running: ['airflow', 'tasks', 'run', 'Lead_scoring_inference_pipeline', 'checking_model_prediction_ratio', 'manual__2024-01-07T20:03:03.907896+00:00', '--job-id', '62', '--raw', '--subdir', 'DAGS_FOLDER/lead_scoring_inference_pipeline/.ipynb_checkpoints/lead_scoring_inference_pipeline-checkpoint.py', '--cfg-path', '/tmp/tmph7ef78mt', '--error-file', '/tmp/tmpaaf9h9rp']
[2024-01-07 20:03:21,606] {standard_task_runner.py:80} INFO - Job 62: Subtask checking_model_prediction_ratio
[2024-01-07 20:03:21,697] {task_command.py:371} INFO - Running <TaskInstance: Lead_scoring_inference_pipeline.checking_model_prediction_ratio manual__2024-01-07T20:03:03.907896+00:00 [running]> on host a3830b6d5f93
[2024-01-07 20:03:21,902] {taskinstance.py:1589} INFO - Exporting the following env vars:
AIRFLOW_CTX_DAG_OWNER=airflow
AIRFLOW_CTX_DAG_ID=Lead_scoring_inference_pipeline
AIRFLOW_CTX_TASK_ID=checking_model_prediction_ratio
AIRFLOW_CTX_EXECUTION_DATE=2024-01-07T20:03:03.907896+00:00
AIRFLOW_CTX_TRY_NUMBER=1
AIRFLOW_CTX_DAG_RUN_ID=manual__2024-01-07T20:03:03.907896+00:00
[2024-01-07 20:03:25,499] {logging_mixin.py:115} INFO - Prediction ratio for the date Sun Jan  7 20:03:25 2024 for Ones % 58.87 and Zeroes % 41.13
[2024-01-07 20:03:25,502] {python.py:173} INFO - Done. Returned value was: None
[2024-01-07 20:03:25,520] {taskinstance.py:1415} INFO - Marking task as SUCCESS. dag_id=Lead_scoring_inference_pipeline, task_id=checking_model_prediction_ratio, execution_date=20240107T200303, start_date=20240107T200321, end_date=20240107T200325
[2024-01-07 20:03:25,592] {local_task_job.py:156} INFO - Task exited with return code 0
[2024-01-07 20:03:25,664] {local_task_job.py:273} INFO - 1 downstream tasks scheduled from follow-on schedule check
