[2024-01-07 14:59:50,250] {taskinstance.py:1179} INFO - Dependencies all met for <TaskInstance: Lead_Scoring_Data_Engineering_Pipeline.building_db manual__2024-01-07T14:59:47.218710+00:00 [queued]>
[2024-01-07 14:59:50,259] {taskinstance.py:1179} INFO - Dependencies all met for <TaskInstance: Lead_Scoring_Data_Engineering_Pipeline.building_db manual__2024-01-07T14:59:47.218710+00:00 [queued]>
[2024-01-07 14:59:50,259] {taskinstance.py:1376} INFO - 
--------------------------------------------------------------------------------
[2024-01-07 14:59:50,260] {taskinstance.py:1377} INFO - Starting attempt 1 of 2
[2024-01-07 14:59:50,260] {taskinstance.py:1378} INFO - 
--------------------------------------------------------------------------------
[2024-01-07 14:59:50,277] {taskinstance.py:1397} INFO - Executing <Task(PythonOperator): building_db> on 2024-01-07 14:59:47.218710+00:00
[2024-01-07 14:59:50,282] {standard_task_runner.py:52} INFO - Started process 1119 to run task
[2024-01-07 14:59:50,284] {standard_task_runner.py:79} INFO - Running: ['airflow', 'tasks', 'run', 'Lead_Scoring_Data_Engineering_Pipeline', 'building_db', 'manual__2024-01-07T14:59:47.218710+00:00', '--job-id', '19', '--raw', '--subdir', 'DAGS_FOLDER/lead_scoring_data_pipeline/.ipynb_checkpoints/lead_scoring_data_pipeline-checkpoint.py', '--cfg-path', '/tmp/tmp9ylo6kgn', '--error-file', '/tmp/tmp99slwpcb']
[2024-01-07 14:59:50,285] {standard_task_runner.py:80} INFO - Job 19: Subtask building_db
[2024-01-07 14:59:50,349] {task_command.py:371} INFO - Running <TaskInstance: Lead_Scoring_Data_Engineering_Pipeline.building_db manual__2024-01-07T14:59:47.218710+00:00 [running]> on host 100770deae72
[2024-01-07 14:59:50,442] {taskinstance.py:1589} INFO - Exporting the following env vars:
AIRFLOW_CTX_DAG_OWNER=airflow
AIRFLOW_CTX_DAG_ID=Lead_Scoring_Data_Engineering_Pipeline
AIRFLOW_CTX_TASK_ID=building_db
AIRFLOW_CTX_EXECUTION_DATE=2024-01-07T14:59:47.218710+00:00
AIRFLOW_CTX_TRY_NUMBER=1
AIRFLOW_CTX_DAG_RUN_ID=manual__2024-01-07T14:59:47.218710+00:00
[2024-01-07 14:59:50,443] {logging_mixin.py:115} INFO - DB Already Exists
[2024-01-07 14:59:50,443] {logging_mixin.py:115} INFO - /home
[2024-01-07 14:59:50,443] {python.py:173} INFO - Done. Returned value was: DB Exists
[2024-01-07 14:59:50,481] {taskinstance.py:1415} INFO - Marking task as SUCCESS. dag_id=Lead_Scoring_Data_Engineering_Pipeline, task_id=building_db, execution_date=20240107T145947, start_date=20240107T145950, end_date=20240107T145950
[2024-01-07 14:59:50,536] {local_task_job.py:156} INFO - Task exited with return code 0
[2024-01-07 14:59:50,599] {local_task_job.py:273} INFO - 1 downstream tasks scheduled from follow-on schedule check
