[2024-01-07 14:59:59,894] {taskinstance.py:1179} INFO - Dependencies all met for <TaskInstance: Lead_Scoring_Data_Engineering_Pipeline.mapping_categorical_vars manual__2024-01-07T14:59:47.218710+00:00 [queued]>
[2024-01-07 14:59:59,908] {taskinstance.py:1179} INFO - Dependencies all met for <TaskInstance: Lead_Scoring_Data_Engineering_Pipeline.mapping_categorical_vars manual__2024-01-07T14:59:47.218710+00:00 [queued]>
[2024-01-07 14:59:59,908] {taskinstance.py:1376} INFO - 
--------------------------------------------------------------------------------
[2024-01-07 14:59:59,908] {taskinstance.py:1377} INFO - Starting attempt 1 of 2
[2024-01-07 14:59:59,908] {taskinstance.py:1378} INFO - 
--------------------------------------------------------------------------------
[2024-01-07 14:59:59,931] {taskinstance.py:1397} INFO - Executing <Task(PythonOperator): mapping_categorical_vars> on 2024-01-07 14:59:47.218710+00:00
[2024-01-07 14:59:59,936] {standard_task_runner.py:52} INFO - Started process 1191 to run task
[2024-01-07 14:59:59,939] {standard_task_runner.py:79} INFO - Running: ['airflow', 'tasks', 'run', 'Lead_Scoring_Data_Engineering_Pipeline', 'mapping_categorical_vars', 'manual__2024-01-07T14:59:47.218710+00:00', '--job-id', '23', '--raw', '--subdir', 'DAGS_FOLDER/lead_scoring_data_pipeline/.ipynb_checkpoints/lead_scoring_data_pipeline-checkpoint.py', '--cfg-path', '/tmp/tmpct8fm15w', '--error-file', '/tmp/tmp8f7p1j7k']
[2024-01-07 14:59:59,940] {standard_task_runner.py:80} INFO - Job 23: Subtask mapping_categorical_vars
[2024-01-07 15:00:00,003] {task_command.py:371} INFO - Running <TaskInstance: Lead_Scoring_Data_Engineering_Pipeline.mapping_categorical_vars manual__2024-01-07T14:59:47.218710+00:00 [running]> on host 100770deae72
[2024-01-07 15:00:00,080] {taskinstance.py:1589} INFO - Exporting the following env vars:
AIRFLOW_CTX_DAG_OWNER=airflow
AIRFLOW_CTX_DAG_ID=Lead_Scoring_Data_Engineering_Pipeline
AIRFLOW_CTX_TASK_ID=mapping_categorical_vars
AIRFLOW_CTX_EXECUTION_DATE=2024-01-07T14:59:47.218710+00:00
AIRFLOW_CTX_TRY_NUMBER=1
AIRFLOW_CTX_DAG_RUN_ID=manual__2024-01-07T14:59:47.218710+00:00
[2024-01-07 15:00:00,089] {logging_mixin.py:115} INFO - categorical_variables_mapped already Stored
[2024-01-07 15:00:00,089] {python.py:173} INFO - Done. Returned value was: None
[2024-01-07 15:00:00,100] {taskinstance.py:1415} INFO - Marking task as SUCCESS. dag_id=Lead_Scoring_Data_Engineering_Pipeline, task_id=mapping_categorical_vars, execution_date=20240107T145947, start_date=20240107T145959, end_date=20240107T150000
[2024-01-07 15:00:00,150] {local_task_job.py:156} INFO - Task exited with return code 0
[2024-01-07 15:00:00,210] {local_task_job.py:273} INFO - 1 downstream tasks scheduled from follow-on schedule check
