[2024-01-07 14:48:10,133] {taskinstance.py:1179} INFO - Dependencies all met for <TaskInstance: Lead_Scoring_Data_Engineering_Pipeline.mapping_city_tier manual__2024-01-07T14:47:38.087609+00:00 [queued]>
[2024-01-07 14:48:10,148] {taskinstance.py:1179} INFO - Dependencies all met for <TaskInstance: Lead_Scoring_Data_Engineering_Pipeline.mapping_city_tier manual__2024-01-07T14:47:38.087609+00:00 [queued]>
[2024-01-07 14:48:10,148] {taskinstance.py:1376} INFO - 
--------------------------------------------------------------------------------
[2024-01-07 14:48:10,148] {taskinstance.py:1377} INFO - Starting attempt 1 of 2
[2024-01-07 14:48:10,148] {taskinstance.py:1378} INFO - 
--------------------------------------------------------------------------------
[2024-01-07 14:48:10,169] {taskinstance.py:1397} INFO - Executing <Task(PythonOperator): mapping_city_tier> on 2024-01-07 14:47:38.087609+00:00
[2024-01-07 14:48:10,173] {standard_task_runner.py:52} INFO - Started process 5172 to run task
[2024-01-07 14:48:10,178] {standard_task_runner.py:79} INFO - Running: ['airflow', 'tasks', 'run', 'Lead_Scoring_Data_Engineering_Pipeline', 'mapping_city_tier', 'manual__2024-01-07T14:47:38.087609+00:00', '--job-id', '11', '--raw', '--subdir', 'DAGS_FOLDER/lead_scoring_data_pipeline/lead_scoring_data_pipeline.py', '--cfg-path', '/tmp/tmp3lduwvz6', '--error-file', '/tmp/tmpbwr6zd_c']
[2024-01-07 14:48:10,178] {standard_task_runner.py:80} INFO - Job 11: Subtask mapping_city_tier
[2024-01-07 14:48:10,242] {task_command.py:371} INFO - Running <TaskInstance: Lead_Scoring_Data_Engineering_Pipeline.mapping_city_tier manual__2024-01-07T14:47:38.087609+00:00 [running]> on host b7effb8babf7
[2024-01-07 14:48:10,313] {taskinstance.py:1589} INFO - Exporting the following env vars:
AIRFLOW_CTX_DAG_OWNER=airflow
AIRFLOW_CTX_DAG_ID=Lead_Scoring_Data_Engineering_Pipeline
AIRFLOW_CTX_TASK_ID=mapping_city_tier
AIRFLOW_CTX_EXECUTION_DATE=2024-01-07T14:47:38.087609+00:00
AIRFLOW_CTX_TRY_NUMBER=1
AIRFLOW_CTX_DAG_RUN_ID=manual__2024-01-07T14:47:38.087609+00:00
[2024-01-07 14:48:10,322] {logging_mixin.py:115} INFO - city_tier_mapped already populated
[2024-01-07 14:48:10,322] {python.py:173} INFO - Done. Returned value was: None
[2024-01-07 14:48:10,331] {taskinstance.py:1415} INFO - Marking task as SUCCESS. dag_id=Lead_Scoring_Data_Engineering_Pipeline, task_id=mapping_city_tier, execution_date=20240107T144738, start_date=20240107T144810, end_date=20240107T144810
[2024-01-07 14:48:10,387] {local_task_job.py:156} INFO - Task exited with return code 0
[2024-01-07 14:48:10,447] {local_task_job.py:273} INFO - 1 downstream tasks scheduled from follow-on schedule check
