[2024-01-07 20:00:03,696] {taskinstance.py:1179} INFO - Dependencies all met for <TaskInstance: Lead_scoring_inference_pipeline.encoding_categorical_variables scheduled__2024-01-07T19:00:00+00:00 [queued]>
[2024-01-07 20:00:03,713] {taskinstance.py:1179} INFO - Dependencies all met for <TaskInstance: Lead_scoring_inference_pipeline.encoding_categorical_variables scheduled__2024-01-07T19:00:00+00:00 [queued]>
[2024-01-07 20:00:03,713] {taskinstance.py:1376} INFO - 
--------------------------------------------------------------------------------
[2024-01-07 20:00:03,713] {taskinstance.py:1377} INFO - Starting attempt 1 of 2
[2024-01-07 20:00:03,713] {taskinstance.py:1378} INFO - 
--------------------------------------------------------------------------------
[2024-01-07 20:00:03,739] {taskinstance.py:1397} INFO - Executing <Task(PythonOperator): encoding_categorical_variables> on 2024-01-07 19:00:00+00:00
[2024-01-07 20:00:03,745] {standard_task_runner.py:52} INFO - Started process 14741 to run task
[2024-01-07 20:00:03,747] {standard_task_runner.py:79} INFO - Running: ['airflow', 'tasks', 'run', 'Lead_scoring_inference_pipeline', 'encoding_categorical_variables', 'scheduled__2024-01-07T19:00:00+00:00', '--job-id', '52', '--raw', '--subdir', 'DAGS_FOLDER/lead_scoring_inference_pipeline/.ipynb_checkpoints/lead_scoring_inference_pipeline-checkpoint.py', '--cfg-path', '/tmp/tmp5320amss', '--error-file', '/tmp/tmp6u7u1q05']
[2024-01-07 20:00:03,748] {standard_task_runner.py:80} INFO - Job 52: Subtask encoding_categorical_variables
[2024-01-07 20:00:03,840] {task_command.py:371} INFO - Running <TaskInstance: Lead_scoring_inference_pipeline.encoding_categorical_variables scheduled__2024-01-07T19:00:00+00:00 [running]> on host a3830b6d5f93
[2024-01-07 20:00:04,039] {taskinstance.py:1589} INFO - Exporting the following env vars:
AIRFLOW_CTX_DAG_OWNER=airflow
AIRFLOW_CTX_DAG_ID=Lead_scoring_inference_pipeline
AIRFLOW_CTX_TASK_ID=encoding_categorical_variables
AIRFLOW_CTX_EXECUTION_DATE=2024-01-07T19:00:00+00:00
AIRFLOW_CTX_TRY_NUMBER=1
AIRFLOW_CTX_DAG_RUN_ID=scheduled__2024-01-07T19:00:00+00:00
[2024-01-07 20:00:04,048] {logging_mixin.py:115} INFO - features already exists
[2024-01-07 20:00:04,049] {python.py:173} INFO - Done. Returned value was: None
[2024-01-07 20:00:04,066] {taskinstance.py:1415} INFO - Marking task as SUCCESS. dag_id=Lead_scoring_inference_pipeline, task_id=encoding_categorical_variables, execution_date=20240107T190000, start_date=20240107T200003, end_date=20240107T200004
[2024-01-07 20:00:04,120] {local_task_job.py:156} INFO - Task exited with return code 0
[2024-01-07 20:00:04,197] {local_task_job.py:273} INFO - 1 downstream tasks scheduled from follow-on schedule check
