[2024-01-07 19:51:34,342] {taskinstance.py:1179} INFO - Dependencies all met for <TaskInstance: Lead_scoring_inference_pipeline.checking_input_features scheduled__2024-01-07T18:00:00+00:00 [queued]>
[2024-01-07 19:51:34,359] {taskinstance.py:1179} INFO - Dependencies all met for <TaskInstance: Lead_scoring_inference_pipeline.checking_input_features scheduled__2024-01-07T18:00:00+00:00 [queued]>
[2024-01-07 19:51:34,359] {taskinstance.py:1376} INFO - 
--------------------------------------------------------------------------------
[2024-01-07 19:51:34,359] {taskinstance.py:1377} INFO - Starting attempt 1 of 2
[2024-01-07 19:51:34,359] {taskinstance.py:1378} INFO - 
--------------------------------------------------------------------------------
[2024-01-07 19:51:34,387] {taskinstance.py:1397} INFO - Executing <Task(PythonOperator): checking_input_features> on 2024-01-07 18:00:00+00:00
[2024-01-07 19:51:34,392] {standard_task_runner.py:52} INFO - Started process 13604 to run task
[2024-01-07 19:51:34,394] {standard_task_runner.py:79} INFO - Running: ['airflow', 'tasks', 'run', 'Lead_scoring_inference_pipeline', 'checking_input_features', 'scheduled__2024-01-07T18:00:00+00:00', '--job-id', '50', '--raw', '--subdir', 'DAGS_FOLDER/lead_scoring_inference_pipeline/.ipynb_checkpoints/lead_scoring_inference_pipeline-checkpoint.py', '--cfg-path', '/tmp/tmp9951glwm', '--error-file', '/tmp/tmphstmmk0s']
[2024-01-07 19:51:34,395] {standard_task_runner.py:80} INFO - Job 50: Subtask checking_input_features
[2024-01-07 19:51:34,479] {task_command.py:371} INFO - Running <TaskInstance: Lead_scoring_inference_pipeline.checking_input_features scheduled__2024-01-07T18:00:00+00:00 [running]> on host a3830b6d5f93
[2024-01-07 19:51:34,685] {taskinstance.py:1589} INFO - Exporting the following env vars:
AIRFLOW_CTX_DAG_OWNER=airflow
AIRFLOW_CTX_DAG_ID=Lead_scoring_inference_pipeline
AIRFLOW_CTX_TASK_ID=checking_input_features
AIRFLOW_CTX_EXECUTION_DATE=2024-01-07T18:00:00+00:00
AIRFLOW_CTX_TRY_NUMBER=1
AIRFLOW_CTX_DAG_RUN_ID=scheduled__2024-01-07T18:00:00+00:00
[2024-01-07 19:51:38,179] {utils.py:231} INFO - All the models input are present
[2024-01-07 19:51:38,181] {python.py:173} INFO - Done. Returned value was: None
[2024-01-07 19:51:38,197] {taskinstance.py:1415} INFO - Marking task as SUCCESS. dag_id=Lead_scoring_inference_pipeline, task_id=checking_input_features, execution_date=20240107T180000, start_date=20240107T195134, end_date=20240107T195138
[2024-01-07 19:51:38,260] {local_task_job.py:156} INFO - Task exited with return code 0
[2024-01-07 19:51:38,310] {local_task_job.py:273} INFO - 0 downstream tasks scheduled from follow-on schedule check
