[2024-01-07 14:48:59,406] {taskinstance.py:1179} INFO - Dependencies all met for <TaskInstance: Lead_Scoring_Data_Engineering_Pipeline.mapping_interactions scheduled__2024-01-06T00:00:00+00:00 [queued]>
[2024-01-07 14:48:59,417] {taskinstance.py:1179} INFO - Dependencies all met for <TaskInstance: Lead_Scoring_Data_Engineering_Pipeline.mapping_interactions scheduled__2024-01-06T00:00:00+00:00 [queued]>
[2024-01-07 14:48:59,417] {taskinstance.py:1376} INFO - 
--------------------------------------------------------------------------------
[2024-01-07 14:48:59,417] {taskinstance.py:1377} INFO - Starting attempt 2 of 2
[2024-01-07 14:48:59,417] {taskinstance.py:1378} INFO - 
--------------------------------------------------------------------------------
[2024-01-07 14:48:59,438] {taskinstance.py:1397} INFO - Executing <Task(PythonOperator): mapping_interactions> on 2024-01-06 00:00:00+00:00
[2024-01-07 14:48:59,442] {standard_task_runner.py:52} INFO - Started process 5230 to run task
[2024-01-07 14:48:59,447] {standard_task_runner.py:79} INFO - Running: ['airflow', 'tasks', 'run', 'Lead_Scoring_Data_Engineering_Pipeline', 'mapping_interactions', 'scheduled__2024-01-06T00:00:00+00:00', '--job-id', '16', '--raw', '--subdir', 'DAGS_FOLDER/lead_scoring_data_pipeline/lead_scoring_data_pipeline.py', '--cfg-path', '/tmp/tmp02quvsmm', '--error-file', '/tmp/tmp4u2aqzzg']
[2024-01-07 14:48:59,448] {standard_task_runner.py:80} INFO - Job 16: Subtask mapping_interactions
[2024-01-07 14:48:59,517] {task_command.py:371} INFO - Running <TaskInstance: Lead_Scoring_Data_Engineering_Pipeline.mapping_interactions scheduled__2024-01-06T00:00:00+00:00 [running]> on host b7effb8babf7
[2024-01-07 14:48:59,577] {taskinstance.py:1589} INFO - Exporting the following env vars:
AIRFLOW_CTX_DAG_OWNER=airflow
AIRFLOW_CTX_DAG_ID=Lead_Scoring_Data_Engineering_Pipeline
AIRFLOW_CTX_TASK_ID=mapping_interactions
AIRFLOW_CTX_EXECUTION_DATE=2024-01-06T00:00:00+00:00
AIRFLOW_CTX_TRY_NUMBER=2
AIRFLOW_CTX_DAG_RUN_ID=scheduled__2024-01-06T00:00:00+00:00
[2024-01-07 14:49:03,166] {logging_mixin.py:115} INFO - categorical_variables_mapped table loaded
[2024-01-07 14:49:12,735] {local_task_job.py:156} INFO - Task exited with return code Negsignal.SIGKILL
[2024-01-07 14:49:12,788] {taskinstance.py:1415} INFO - Marking task as FAILED. dag_id=Lead_Scoring_Data_Engineering_Pipeline, task_id=mapping_interactions, execution_date=20240106T000000, start_date=20240107T144859, end_date=20240107T144912
[2024-01-07 14:49:12,927] {local_task_job.py:273} INFO - 0 downstream tasks scheduled from follow-on schedule check
