[2024-01-07 20:01:15,703] {taskinstance.py:1179} INFO - Dependencies all met for <TaskInstance: Lead_scoring_inference_pipeline.checking_input_features scheduled__2024-01-07T19:00:00+00:00 [queued]>
[2024-01-07 20:01:15,718] {taskinstance.py:1179} INFO - Dependencies all met for <TaskInstance: Lead_scoring_inference_pipeline.checking_input_features scheduled__2024-01-07T19:00:00+00:00 [queued]>
[2024-01-07 20:01:15,719] {taskinstance.py:1376} INFO - 
--------------------------------------------------------------------------------
[2024-01-07 20:01:15,719] {taskinstance.py:1377} INFO - Starting attempt 1 of 2
[2024-01-07 20:01:15,719] {taskinstance.py:1378} INFO - 
--------------------------------------------------------------------------------
[2024-01-07 20:01:15,744] {taskinstance.py:1397} INFO - Executing <Task(PythonOperator): checking_input_features> on 2024-01-07 19:00:00+00:00
[2024-01-07 20:01:15,749] {standard_task_runner.py:52} INFO - Started process 14812 to run task
[2024-01-07 20:01:15,751] {standard_task_runner.py:79} INFO - Running: ['airflow', 'tasks', 'run', 'Lead_scoring_inference_pipeline', 'checking_input_features', 'scheduled__2024-01-07T19:00:00+00:00', '--job-id', '55', '--raw', '--subdir', 'DAGS_FOLDER/lead_scoring_inference_pipeline/.ipynb_checkpoints/lead_scoring_inference_pipeline-checkpoint.py', '--cfg-path', '/tmp/tmpwy4dxgwn', '--error-file', '/tmp/tmpqjx03_c3']
[2024-01-07 20:01:15,752] {standard_task_runner.py:80} INFO - Job 55: Subtask checking_input_features
[2024-01-07 20:01:15,841] {task_command.py:371} INFO - Running <TaskInstance: Lead_scoring_inference_pipeline.checking_input_features scheduled__2024-01-07T19:00:00+00:00 [running]> on host a3830b6d5f93
[2024-01-07 20:01:16,042] {taskinstance.py:1589} INFO - Exporting the following env vars:
AIRFLOW_CTX_DAG_OWNER=airflow
AIRFLOW_CTX_DAG_ID=Lead_scoring_inference_pipeline
AIRFLOW_CTX_TASK_ID=checking_input_features
AIRFLOW_CTX_EXECUTION_DATE=2024-01-07T19:00:00+00:00
AIRFLOW_CTX_TRY_NUMBER=1
AIRFLOW_CTX_DAG_RUN_ID=scheduled__2024-01-07T19:00:00+00:00
[2024-01-07 20:01:19,542] {utils.py:231} INFO - All the models input are present
[2024-01-07 20:01:19,544] {python.py:173} INFO - Done. Returned value was: None
[2024-01-07 20:01:19,559] {taskinstance.py:1415} INFO - Marking task as SUCCESS. dag_id=Lead_scoring_inference_pipeline, task_id=checking_input_features, execution_date=20240107T190000, start_date=20240107T200115, end_date=20240107T200119
[2024-01-07 20:01:19,617] {local_task_job.py:156} INFO - Task exited with return code 0
[2024-01-07 20:01:19,663] {local_task_job.py:273} INFO - 0 downstream tasks scheduled from follow-on schedule check
