[2024-01-07 20:03:07,027] {taskinstance.py:1179} INFO - Dependencies all met for <TaskInstance: Lead_scoring_inference_pipeline.encoding_categorical_variables manual__2024-01-07T20:03:03.907896+00:00 [queued]>
[2024-01-07 20:03:07,043] {taskinstance.py:1179} INFO - Dependencies all met for <TaskInstance: Lead_scoring_inference_pipeline.encoding_categorical_variables manual__2024-01-07T20:03:03.907896+00:00 [queued]>
[2024-01-07 20:03:07,043] {taskinstance.py:1376} INFO - 
--------------------------------------------------------------------------------
[2024-01-07 20:03:07,043] {taskinstance.py:1377} INFO - Starting attempt 1 of 2
[2024-01-07 20:03:07,043] {taskinstance.py:1378} INFO - 
--------------------------------------------------------------------------------
[2024-01-07 20:03:07,072] {taskinstance.py:1397} INFO - Executing <Task(PythonOperator): encoding_categorical_variables> on 2024-01-07 20:03:03.907896+00:00
[2024-01-07 20:03:07,078] {standard_task_runner.py:52} INFO - Started process 15015 to run task
[2024-01-07 20:03:07,080] {standard_task_runner.py:79} INFO - Running: ['airflow', 'tasks', 'run', 'Lead_scoring_inference_pipeline', 'encoding_categorical_variables', 'manual__2024-01-07T20:03:03.907896+00:00', '--job-id', '60', '--raw', '--subdir', 'DAGS_FOLDER/lead_scoring_inference_pipeline/.ipynb_checkpoints/lead_scoring_inference_pipeline-checkpoint.py', '--cfg-path', '/tmp/tmp3zd6bczt', '--error-file', '/tmp/tmpxs1f9p91']
[2024-01-07 20:03:07,081] {standard_task_runner.py:80} INFO - Job 60: Subtask encoding_categorical_variables
[2024-01-07 20:03:07,168] {task_command.py:371} INFO - Running <TaskInstance: Lead_scoring_inference_pipeline.encoding_categorical_variables manual__2024-01-07T20:03:03.907896+00:00 [running]> on host a3830b6d5f93
[2024-01-07 20:03:07,383] {taskinstance.py:1589} INFO - Exporting the following env vars:
AIRFLOW_CTX_DAG_OWNER=airflow
AIRFLOW_CTX_DAG_ID=Lead_scoring_inference_pipeline
AIRFLOW_CTX_TASK_ID=encoding_categorical_variables
AIRFLOW_CTX_EXECUTION_DATE=2024-01-07T20:03:03.907896+00:00
AIRFLOW_CTX_TRY_NUMBER=1
AIRFLOW_CTX_DAG_RUN_ID=manual__2024-01-07T20:03:03.907896+00:00
[2024-01-07 20:03:07,394] {logging_mixin.py:115} INFO - features already exists
[2024-01-07 20:03:07,394] {python.py:173} INFO - Done. Returned value was: None
[2024-01-07 20:03:07,410] {taskinstance.py:1415} INFO - Marking task as SUCCESS. dag_id=Lead_scoring_inference_pipeline, task_id=encoding_categorical_variables, execution_date=20240107T200303, start_date=20240107T200307, end_date=20240107T200307
[2024-01-07 20:03:07,452] {local_task_job.py:156} INFO - Task exited with return code 0
[2024-01-07 20:03:07,532] {local_task_job.py:273} INFO - 1 downstream tasks scheduled from follow-on schedule check
