[2024-01-07 14:47:57,182] {taskinstance.py:1179} INFO - Dependencies all met for <TaskInstance: Lead_Scoring_Data_Engineering_Pipeline.loading_data manual__2024-01-07T14:47:38.087609+00:00 [queued]>
[2024-01-07 14:47:57,194] {taskinstance.py:1179} INFO - Dependencies all met for <TaskInstance: Lead_Scoring_Data_Engineering_Pipeline.loading_data manual__2024-01-07T14:47:38.087609+00:00 [queued]>
[2024-01-07 14:47:57,194] {taskinstance.py:1376} INFO - 
--------------------------------------------------------------------------------
[2024-01-07 14:47:57,194] {taskinstance.py:1377} INFO - Starting attempt 1 of 2
[2024-01-07 14:47:57,194] {taskinstance.py:1378} INFO - 
--------------------------------------------------------------------------------
[2024-01-07 14:47:57,214] {taskinstance.py:1397} INFO - Executing <Task(PythonOperator): loading_data> on 2024-01-07 14:47:38.087609+00:00
[2024-01-07 14:47:57,218] {standard_task_runner.py:52} INFO - Started process 5149 to run task
[2024-01-07 14:47:57,222] {standard_task_runner.py:79} INFO - Running: ['airflow', 'tasks', 'run', 'Lead_Scoring_Data_Engineering_Pipeline', 'loading_data', 'manual__2024-01-07T14:47:38.087609+00:00', '--job-id', '9', '--raw', '--subdir', 'DAGS_FOLDER/lead_scoring_data_pipeline/lead_scoring_data_pipeline.py', '--cfg-path', '/tmp/tmphmoht59f', '--error-file', '/tmp/tmp9gdcs8_x']
[2024-01-07 14:47:57,223] {standard_task_runner.py:80} INFO - Job 9: Subtask loading_data
[2024-01-07 14:47:57,290] {task_command.py:371} INFO - Running <TaskInstance: Lead_Scoring_Data_Engineering_Pipeline.loading_data manual__2024-01-07T14:47:38.087609+00:00 [running]> on host b7effb8babf7
[2024-01-07 14:47:57,367] {taskinstance.py:1589} INFO - Exporting the following env vars:
AIRFLOW_CTX_DAG_OWNER=airflow
AIRFLOW_CTX_DAG_ID=Lead_Scoring_Data_Engineering_Pipeline
AIRFLOW_CTX_TASK_ID=loading_data
AIRFLOW_CTX_EXECUTION_DATE=2024-01-07T14:47:38.087609+00:00
AIRFLOW_CTX_TRY_NUMBER=1
AIRFLOW_CTX_DAG_RUN_ID=manual__2024-01-07T14:47:38.087609+00:00
[2024-01-07 14:47:57,378] {logging_mixin.py:115} INFO - loaded_data already populated
[2024-01-07 14:47:57,378] {python.py:173} INFO - Done. Returned value was: None
[2024-01-07 14:47:57,390] {taskinstance.py:1415} INFO - Marking task as SUCCESS. dag_id=Lead_Scoring_Data_Engineering_Pipeline, task_id=loading_data, execution_date=20240107T144738, start_date=20240107T144757, end_date=20240107T144757
[2024-01-07 14:47:57,432] {local_task_job.py:156} INFO - Task exited with return code 0
[2024-01-07 14:47:57,482] {local_task_job.py:273} INFO - 1 downstream tasks scheduled from follow-on schedule check
