[2024-01-07 15:00:33,065] {taskinstance.py:1179} INFO - Dependencies all met for <TaskInstance: Lead_Scoring_Data_Engineering_Pipeline.checking_model_inputs_schema manual__2024-01-07T14:59:47.218710+00:00 [queued]>
[2024-01-07 15:00:33,081] {taskinstance.py:1179} INFO - Dependencies all met for <TaskInstance: Lead_Scoring_Data_Engineering_Pipeline.checking_model_inputs_schema manual__2024-01-07T14:59:47.218710+00:00 [queued]>
[2024-01-07 15:00:33,081] {taskinstance.py:1376} INFO - 
--------------------------------------------------------------------------------
[2024-01-07 15:00:33,081] {taskinstance.py:1377} INFO - Starting attempt 1 of 2
[2024-01-07 15:00:33,081] {taskinstance.py:1378} INFO - 
--------------------------------------------------------------------------------
[2024-01-07 15:00:33,115] {taskinstance.py:1397} INFO - Executing <Task(PythonOperator): checking_model_inputs_schema> on 2024-01-07 14:59:47.218710+00:00
[2024-01-07 15:00:33,120] {standard_task_runner.py:52} INFO - Started process 1227 to run task
[2024-01-07 15:00:33,123] {standard_task_runner.py:79} INFO - Running: ['airflow', 'tasks', 'run', 'Lead_Scoring_Data_Engineering_Pipeline', 'checking_model_inputs_schema', 'manual__2024-01-07T14:59:47.218710+00:00', '--job-id', '25', '--raw', '--subdir', 'DAGS_FOLDER/lead_scoring_data_pipeline/.ipynb_checkpoints/lead_scoring_data_pipeline-checkpoint.py', '--cfg-path', '/tmp/tmph7x85rhn', '--error-file', '/tmp/tmpp4etlnvp']
[2024-01-07 15:00:33,124] {standard_task_runner.py:80} INFO - Job 25: Subtask checking_model_inputs_schema
[2024-01-07 15:00:33,193] {task_command.py:371} INFO - Running <TaskInstance: Lead_Scoring_Data_Engineering_Pipeline.checking_model_inputs_schema manual__2024-01-07T14:59:47.218710+00:00 [running]> on host 100770deae72
[2024-01-07 15:00:33,275] {taskinstance.py:1589} INFO - Exporting the following env vars:
AIRFLOW_CTX_DAG_OWNER=airflow
AIRFLOW_CTX_DAG_ID=Lead_Scoring_Data_Engineering_Pipeline
AIRFLOW_CTX_TASK_ID=checking_model_inputs_schema
AIRFLOW_CTX_EXECUTION_DATE=2024-01-07T14:59:47.218710+00:00
AIRFLOW_CTX_TRY_NUMBER=1
AIRFLOW_CTX_DAG_RUN_ID=manual__2024-01-07T14:59:47.218710+00:00
[2024-01-07 15:00:33,276] {python.py:173} INFO - Done. Returned value was: None
[2024-01-07 15:00:33,289] {taskinstance.py:1415} INFO - Marking task as SUCCESS. dag_id=Lead_Scoring_Data_Engineering_Pipeline, task_id=checking_model_inputs_schema, execution_date=20240107T145947, start_date=20240107T150033, end_date=20240107T150033
[2024-01-07 15:00:33,334] {local_task_job.py:156} INFO - Task exited with return code 0
[2024-01-07 15:00:33,373] {local_task_job.py:273} INFO - 0 downstream tasks scheduled from follow-on schedule check
