[2024-01-07 19:51:41,214] {taskinstance.py:1179} INFO - Dependencies all met for <TaskInstance: Lead_scoring_inference_pipeline.checking_input_features manual__2024-01-07T19:51:10.213701+00:00 [queued]>
[2024-01-07 19:51:41,231] {taskinstance.py:1179} INFO - Dependencies all met for <TaskInstance: Lead_scoring_inference_pipeline.checking_input_features manual__2024-01-07T19:51:10.213701+00:00 [queued]>
[2024-01-07 19:51:41,231] {taskinstance.py:1376} INFO - 
--------------------------------------------------------------------------------
[2024-01-07 19:51:41,231] {taskinstance.py:1377} INFO - Starting attempt 1 of 2
[2024-01-07 19:51:41,231] {taskinstance.py:1378} INFO - 
--------------------------------------------------------------------------------
[2024-01-07 19:51:41,257] {taskinstance.py:1397} INFO - Executing <Task(PythonOperator): checking_input_features> on 2024-01-07 19:51:10.213701+00:00
[2024-01-07 19:51:41,263] {standard_task_runner.py:52} INFO - Started process 13622 to run task
[2024-01-07 19:51:41,265] {standard_task_runner.py:79} INFO - Running: ['airflow', 'tasks', 'run', 'Lead_scoring_inference_pipeline', 'checking_input_features', 'manual__2024-01-07T19:51:10.213701+00:00', '--job-id', '51', '--raw', '--subdir', 'DAGS_FOLDER/lead_scoring_inference_pipeline/.ipynb_checkpoints/lead_scoring_inference_pipeline-checkpoint.py', '--cfg-path', '/tmp/tmpu5h0ysp9', '--error-file', '/tmp/tmpj8jjeh20']
[2024-01-07 19:51:41,266] {standard_task_runner.py:80} INFO - Job 51: Subtask checking_input_features
[2024-01-07 19:51:41,353] {task_command.py:371} INFO - Running <TaskInstance: Lead_scoring_inference_pipeline.checking_input_features manual__2024-01-07T19:51:10.213701+00:00 [running]> on host a3830b6d5f93
[2024-01-07 19:51:41,551] {taskinstance.py:1589} INFO - Exporting the following env vars:
AIRFLOW_CTX_DAG_OWNER=airflow
AIRFLOW_CTX_DAG_ID=Lead_scoring_inference_pipeline
AIRFLOW_CTX_TASK_ID=checking_input_features
AIRFLOW_CTX_EXECUTION_DATE=2024-01-07T19:51:10.213701+00:00
AIRFLOW_CTX_TRY_NUMBER=1
AIRFLOW_CTX_DAG_RUN_ID=manual__2024-01-07T19:51:10.213701+00:00
[2024-01-07 19:51:45,074] {utils.py:231} INFO - All the models input are present
[2024-01-07 19:51:45,076] {python.py:173} INFO - Done. Returned value was: None
[2024-01-07 19:51:45,092] {taskinstance.py:1415} INFO - Marking task as SUCCESS. dag_id=Lead_scoring_inference_pipeline, task_id=checking_input_features, execution_date=20240107T195110, start_date=20240107T195141, end_date=20240107T195145
[2024-01-07 19:51:45,131] {local_task_job.py:156} INFO - Task exited with return code 0
[2024-01-07 19:51:45,178] {local_task_job.py:273} INFO - 0 downstream tasks scheduled from follow-on schedule check
