[2024-01-07 19:51:25,236] {taskinstance.py:1179} INFO - Dependencies all met for <TaskInstance: Lead_scoring_inference_pipeline.generating_models_prediction manual__2024-01-07T19:51:10.213701+00:00 [queued]>
[2024-01-07 19:51:25,254] {taskinstance.py:1179} INFO - Dependencies all met for <TaskInstance: Lead_scoring_inference_pipeline.generating_models_prediction manual__2024-01-07T19:51:10.213701+00:00 [queued]>
[2024-01-07 19:51:25,254] {taskinstance.py:1376} INFO - 
--------------------------------------------------------------------------------
[2024-01-07 19:51:25,254] {taskinstance.py:1377} INFO - Starting attempt 1 of 2
[2024-01-07 19:51:25,254] {taskinstance.py:1378} INFO - 
--------------------------------------------------------------------------------
[2024-01-07 19:51:25,281] {taskinstance.py:1397} INFO - Executing <Task(PythonOperator): generating_models_prediction> on 2024-01-07 19:51:10.213701+00:00
[2024-01-07 19:51:25,286] {standard_task_runner.py:52} INFO - Started process 13552 to run task
[2024-01-07 19:51:25,289] {standard_task_runner.py:79} INFO - Running: ['airflow', 'tasks', 'run', 'Lead_scoring_inference_pipeline', 'generating_models_prediction', 'manual__2024-01-07T19:51:10.213701+00:00', '--job-id', '47', '--raw', '--subdir', 'DAGS_FOLDER/lead_scoring_inference_pipeline/.ipynb_checkpoints/lead_scoring_inference_pipeline-checkpoint.py', '--cfg-path', '/tmp/tmp_7839lj5', '--error-file', '/tmp/tmp245h55kd']
[2024-01-07 19:51:25,290] {standard_task_runner.py:80} INFO - Job 47: Subtask generating_models_prediction
[2024-01-07 19:51:25,376] {task_command.py:371} INFO - Running <TaskInstance: Lead_scoring_inference_pipeline.generating_models_prediction manual__2024-01-07T19:51:10.213701+00:00 [running]> on host a3830b6d5f93
[2024-01-07 19:51:25,574] {taskinstance.py:1589} INFO - Exporting the following env vars:
AIRFLOW_CTX_DAG_OWNER=airflow
AIRFLOW_CTX_DAG_ID=Lead_scoring_inference_pipeline
AIRFLOW_CTX_TASK_ID=generating_models_prediction
AIRFLOW_CTX_EXECUTION_DATE=2024-01-07T19:51:10.213701+00:00
AIRFLOW_CTX_TRY_NUMBER=1
AIRFLOW_CTX_DAG_RUN_ID=manual__2024-01-07T19:51:10.213701+00:00
[2024-01-07 19:51:25,575] {logging_mixin.py:115} INFO - Model url models:/LightGBM/production
[2024-01-07 19:51:25,652] {logging_mixin.py:115} INFO - Error while running get_models_prediction : No versions of model with name 'LightGBM' and stage 'production' found
[2024-01-07 19:51:25,653] {python.py:173} INFO - Done. Returned value was: None
[2024-01-07 19:51:25,667] {taskinstance.py:1415} INFO - Marking task as SUCCESS. dag_id=Lead_scoring_inference_pipeline, task_id=generating_models_prediction, execution_date=20240107T195110, start_date=20240107T195125, end_date=20240107T195125
[2024-01-07 19:51:25,702] {local_task_job.py:156} INFO - Task exited with return code 0
[2024-01-07 19:51:25,770] {local_task_job.py:273} INFO - 1 downstream tasks scheduled from follow-on schedule check
