[2024-01-07 20:03:10,455] {taskinstance.py:1179} INFO - Dependencies all met for <TaskInstance: Lead_scoring_inference_pipeline.generating_models_prediction manual__2024-01-07T20:03:03.907896+00:00 [queued]>
[2024-01-07 20:03:10,472] {taskinstance.py:1179} INFO - Dependencies all met for <TaskInstance: Lead_scoring_inference_pipeline.generating_models_prediction manual__2024-01-07T20:03:03.907896+00:00 [queued]>
[2024-01-07 20:03:10,472] {taskinstance.py:1376} INFO - 
--------------------------------------------------------------------------------
[2024-01-07 20:03:10,472] {taskinstance.py:1377} INFO - Starting attempt 1 of 2
[2024-01-07 20:03:10,472] {taskinstance.py:1378} INFO - 
--------------------------------------------------------------------------------
[2024-01-07 20:03:10,501] {taskinstance.py:1397} INFO - Executing <Task(PythonOperator): generating_models_prediction> on 2024-01-07 20:03:03.907896+00:00
[2024-01-07 20:03:10,506] {standard_task_runner.py:52} INFO - Started process 15033 to run task
[2024-01-07 20:03:10,508] {standard_task_runner.py:79} INFO - Running: ['airflow', 'tasks', 'run', 'Lead_scoring_inference_pipeline', 'generating_models_prediction', 'manual__2024-01-07T20:03:03.907896+00:00', '--job-id', '61', '--raw', '--subdir', 'DAGS_FOLDER/lead_scoring_inference_pipeline/.ipynb_checkpoints/lead_scoring_inference_pipeline-checkpoint.py', '--cfg-path', '/tmp/tmpn0iu8m5_', '--error-file', '/tmp/tmpydars_yd']
[2024-01-07 20:03:10,509] {standard_task_runner.py:80} INFO - Job 61: Subtask generating_models_prediction
[2024-01-07 20:03:10,598] {task_command.py:371} INFO - Running <TaskInstance: Lead_scoring_inference_pipeline.generating_models_prediction manual__2024-01-07T20:03:03.907896+00:00 [running]> on host a3830b6d5f93
[2024-01-07 20:03:10,801] {taskinstance.py:1589} INFO - Exporting the following env vars:
AIRFLOW_CTX_DAG_OWNER=airflow
AIRFLOW_CTX_DAG_ID=Lead_scoring_inference_pipeline
AIRFLOW_CTX_TASK_ID=generating_models_prediction
AIRFLOW_CTX_EXECUTION_DATE=2024-01-07T20:03:03.907896+00:00
AIRFLOW_CTX_TRY_NUMBER=1
AIRFLOW_CTX_DAG_RUN_ID=manual__2024-01-07T20:03:03.907896+00:00
[2024-01-07 20:03:10,803] {logging_mixin.py:115} INFO - Model url models:/LightGBM/production
[2024-01-07 20:03:15,331] {logging_mixin.py:115} INFO - Making Prediction
[2024-01-07 20:03:18,542] {logging_mixin.py:115} INFO - Predictions are done and create/replaced Table
[2024-01-07 20:03:18,543] {python.py:173} INFO - Done. Returned value was: None
[2024-01-07 20:03:18,564] {taskinstance.py:1415} INFO - Marking task as SUCCESS. dag_id=Lead_scoring_inference_pipeline, task_id=generating_models_prediction, execution_date=20240107T200303, start_date=20240107T200310, end_date=20240107T200318
[2024-01-07 20:03:18,641] {local_task_job.py:156} INFO - Task exited with return code 0
[2024-01-07 20:03:18,709] {local_task_job.py:273} INFO - 1 downstream tasks scheduled from follow-on schedule check
