[2024-01-07 14:48:24,446] {taskinstance.py:1179} INFO - Dependencies all met for <TaskInstance: Lead_Scoring_Data_Engineering_Pipeline.mapping_categorical_vars manual__2024-01-07T14:47:38.087609+00:00 [queued]>
[2024-01-07 14:48:24,457] {taskinstance.py:1179} INFO - Dependencies all met for <TaskInstance: Lead_Scoring_Data_Engineering_Pipeline.mapping_categorical_vars manual__2024-01-07T14:47:38.087609+00:00 [queued]>
[2024-01-07 14:48:24,457] {taskinstance.py:1376} INFO - 
--------------------------------------------------------------------------------
[2024-01-07 14:48:24,457] {taskinstance.py:1377} INFO - Starting attempt 1 of 2
[2024-01-07 14:48:24,457] {taskinstance.py:1378} INFO - 
--------------------------------------------------------------------------------
[2024-01-07 14:48:24,477] {taskinstance.py:1397} INFO - Executing <Task(PythonOperator): mapping_categorical_vars> on 2024-01-07 14:47:38.087609+00:00
[2024-01-07 14:48:24,481] {standard_task_runner.py:52} INFO - Started process 5195 to run task
[2024-01-07 14:48:24,485] {standard_task_runner.py:79} INFO - Running: ['airflow', 'tasks', 'run', 'Lead_Scoring_Data_Engineering_Pipeline', 'mapping_categorical_vars', 'manual__2024-01-07T14:47:38.087609+00:00', '--job-id', '13', '--raw', '--subdir', 'DAGS_FOLDER/lead_scoring_data_pipeline/lead_scoring_data_pipeline.py', '--cfg-path', '/tmp/tmp74et9boc', '--error-file', '/tmp/tmpkhpvqsc1']
[2024-01-07 14:48:24,486] {standard_task_runner.py:80} INFO - Job 13: Subtask mapping_categorical_vars
[2024-01-07 14:48:24,549] {task_command.py:371} INFO - Running <TaskInstance: Lead_Scoring_Data_Engineering_Pipeline.mapping_categorical_vars manual__2024-01-07T14:47:38.087609+00:00 [running]> on host b7effb8babf7
[2024-01-07 14:48:24,631] {taskinstance.py:1589} INFO - Exporting the following env vars:
AIRFLOW_CTX_DAG_OWNER=airflow
AIRFLOW_CTX_DAG_ID=Lead_Scoring_Data_Engineering_Pipeline
AIRFLOW_CTX_TASK_ID=mapping_categorical_vars
AIRFLOW_CTX_EXECUTION_DATE=2024-01-07T14:47:38.087609+00:00
AIRFLOW_CTX_TRY_NUMBER=1
AIRFLOW_CTX_DAG_RUN_ID=manual__2024-01-07T14:47:38.087609+00:00
[2024-01-07 14:48:24,642] {logging_mixin.py:115} INFO - categorical_variables_mapped already Stored
[2024-01-07 14:48:24,642] {python.py:173} INFO - Done. Returned value was: None
[2024-01-07 14:48:24,651] {taskinstance.py:1415} INFO - Marking task as SUCCESS. dag_id=Lead_Scoring_Data_Engineering_Pipeline, task_id=mapping_categorical_vars, execution_date=20240107T144738, start_date=20240107T144824, end_date=20240107T144824
[2024-01-07 14:48:24,695] {local_task_job.py:156} INFO - Task exited with return code 0
[2024-01-07 14:48:24,739] {local_task_job.py:273} INFO - 1 downstream tasks scheduled from follow-on schedule check
