[2024-01-07 19:51:31,513] {taskinstance.py:1179} INFO - Dependencies all met for <TaskInstance: Lead_scoring_inference_pipeline.checking_model_prediction_ratio manual__2024-01-07T19:51:10.213701+00:00 [queued]>
[2024-01-07 19:51:31,528] {taskinstance.py:1179} INFO - Dependencies all met for <TaskInstance: Lead_scoring_inference_pipeline.checking_model_prediction_ratio manual__2024-01-07T19:51:10.213701+00:00 [queued]>
[2024-01-07 19:51:31,528] {taskinstance.py:1376} INFO - 
--------------------------------------------------------------------------------
[2024-01-07 19:51:31,528] {taskinstance.py:1377} INFO - Starting attempt 1 of 2
[2024-01-07 19:51:31,528] {taskinstance.py:1378} INFO - 
--------------------------------------------------------------------------------
[2024-01-07 19:51:31,553] {taskinstance.py:1397} INFO - Executing <Task(PythonOperator): checking_model_prediction_ratio> on 2024-01-07 19:51:10.213701+00:00
[2024-01-07 19:51:31,559] {standard_task_runner.py:52} INFO - Started process 13587 to run task
[2024-01-07 19:51:31,561] {standard_task_runner.py:79} INFO - Running: ['airflow', 'tasks', 'run', 'Lead_scoring_inference_pipeline', 'checking_model_prediction_ratio', 'manual__2024-01-07T19:51:10.213701+00:00', '--job-id', '49', '--raw', '--subdir', 'DAGS_FOLDER/lead_scoring_inference_pipeline/.ipynb_checkpoints/lead_scoring_inference_pipeline-checkpoint.py', '--cfg-path', '/tmp/tmp9n69ecgd', '--error-file', '/tmp/tmpkk9hm2wt']
[2024-01-07 19:51:31,562] {standard_task_runner.py:80} INFO - Job 49: Subtask checking_model_prediction_ratio
[2024-01-07 19:51:31,642] {task_command.py:371} INFO - Running <TaskInstance: Lead_scoring_inference_pipeline.checking_model_prediction_ratio manual__2024-01-07T19:51:10.213701+00:00 [running]> on host a3830b6d5f93
[2024-01-07 19:51:31,843] {taskinstance.py:1589} INFO - Exporting the following env vars:
AIRFLOW_CTX_DAG_OWNER=airflow
AIRFLOW_CTX_DAG_ID=Lead_scoring_inference_pipeline
AIRFLOW_CTX_TASK_ID=checking_model_prediction_ratio
AIRFLOW_CTX_EXECUTION_DATE=2024-01-07T19:51:10.213701+00:00
AIRFLOW_CTX_TRY_NUMBER=1
AIRFLOW_CTX_DAG_RUN_ID=manual__2024-01-07T19:51:10.213701+00:00
[2024-01-07 19:51:31,849] {logging_mixin.py:115} INFO - Error while running prediction_ratio_check : Execution failed on sql 'select * from predictions': no such table: predictions
[2024-01-07 19:51:31,850] {python.py:173} INFO - Done. Returned value was: None
[2024-01-07 19:51:31,864] {taskinstance.py:1415} INFO - Marking task as SUCCESS. dag_id=Lead_scoring_inference_pipeline, task_id=checking_model_prediction_ratio, execution_date=20240107T195110, start_date=20240107T195131, end_date=20240107T195131
[2024-01-07 19:51:31,933] {local_task_job.py:156} INFO - Task exited with return code 0
[2024-01-07 19:51:31,996] {local_task_job.py:273} INFO - 1 downstream tasks scheduled from follow-on schedule check
