[2024-01-07 14:47:47,514] {taskinstance.py:1179} INFO - Dependencies all met for <TaskInstance: Lead_Scoring_Data_Engineering_Pipeline.checking_raw_data_schema manual__2024-01-07T14:47:38.087609+00:00 [queued]>
[2024-01-07 14:47:47,529] {taskinstance.py:1179} INFO - Dependencies all met for <TaskInstance: Lead_Scoring_Data_Engineering_Pipeline.checking_raw_data_schema manual__2024-01-07T14:47:38.087609+00:00 [queued]>
[2024-01-07 14:47:47,530] {taskinstance.py:1376} INFO - 
--------------------------------------------------------------------------------
[2024-01-07 14:47:47,530] {taskinstance.py:1377} INFO - Starting attempt 1 of 2
[2024-01-07 14:47:47,530] {taskinstance.py:1378} INFO - 
--------------------------------------------------------------------------------
[2024-01-07 14:47:47,552] {taskinstance.py:1397} INFO - Executing <Task(PythonOperator): checking_raw_data_schema> on 2024-01-07 14:47:38.087609+00:00
[2024-01-07 14:47:47,556] {standard_task_runner.py:52} INFO - Started process 5126 to run task
[2024-01-07 14:47:47,561] {standard_task_runner.py:79} INFO - Running: ['airflow', 'tasks', 'run', 'Lead_Scoring_Data_Engineering_Pipeline', 'checking_raw_data_schema', 'manual__2024-01-07T14:47:38.087609+00:00', '--job-id', '7', '--raw', '--subdir', 'DAGS_FOLDER/lead_scoring_data_pipeline/lead_scoring_data_pipeline.py', '--cfg-path', '/tmp/tmpe03_klhs', '--error-file', '/tmp/tmpzfhvf3ho']
[2024-01-07 14:47:47,561] {standard_task_runner.py:80} INFO - Job 7: Subtask checking_raw_data_schema
[2024-01-07 14:47:47,626] {task_command.py:371} INFO - Running <TaskInstance: Lead_Scoring_Data_Engineering_Pipeline.checking_raw_data_schema manual__2024-01-07T14:47:38.087609+00:00 [running]> on host b7effb8babf7
[2024-01-07 14:47:47,693] {taskinstance.py:1589} INFO - Exporting the following env vars:
AIRFLOW_CTX_DAG_OWNER=airflow
AIRFLOW_CTX_DAG_ID=Lead_Scoring_Data_Engineering_Pipeline
AIRFLOW_CTX_TASK_ID=checking_raw_data_schema
AIRFLOW_CTX_EXECUTION_DATE=2024-01-07T14:47:38.087609+00:00
AIRFLOW_CTX_TRY_NUMBER=1
AIRFLOW_CTX_DAG_RUN_ID=manual__2024-01-07T14:47:38.087609+00:00
[2024-01-07 14:47:47,694] {python.py:173} INFO - Done. Returned value was: None
[2024-01-07 14:47:47,704] {taskinstance.py:1415} INFO - Marking task as SUCCESS. dag_id=Lead_Scoring_Data_Engineering_Pipeline, task_id=checking_raw_data_schema, execution_date=20240107T144738, start_date=20240107T144747, end_date=20240107T144747
[2024-01-07 14:47:47,730] {local_task_job.py:156} INFO - Task exited with return code 0
[2024-01-07 14:47:47,781] {local_task_job.py:273} INFO - 1 downstream tasks scheduled from follow-on schedule check
