[2024-01-07 14:47:49,434] {taskinstance.py:1179} INFO - Dependencies all met for <TaskInstance: Lead_Scoring_Data_Engineering_Pipeline.loading_data scheduled__2024-01-06T00:00:00+00:00 [queued]>
[2024-01-07 14:47:49,445] {taskinstance.py:1179} INFO - Dependencies all met for <TaskInstance: Lead_Scoring_Data_Engineering_Pipeline.loading_data scheduled__2024-01-06T00:00:00+00:00 [queued]>
[2024-01-07 14:47:49,445] {taskinstance.py:1376} INFO - 
--------------------------------------------------------------------------------
[2024-01-07 14:47:49,445] {taskinstance.py:1377} INFO - Starting attempt 1 of 2
[2024-01-07 14:47:49,445] {taskinstance.py:1378} INFO - 
--------------------------------------------------------------------------------
[2024-01-07 14:47:49,465] {taskinstance.py:1397} INFO - Executing <Task(PythonOperator): loading_data> on 2024-01-06 00:00:00+00:00
[2024-01-07 14:47:49,469] {standard_task_runner.py:52} INFO - Started process 5137 to run task
[2024-01-07 14:47:49,474] {standard_task_runner.py:79} INFO - Running: ['airflow', 'tasks', 'run', 'Lead_Scoring_Data_Engineering_Pipeline', 'loading_data', 'scheduled__2024-01-06T00:00:00+00:00', '--job-id', '8', '--raw', '--subdir', 'DAGS_FOLDER/lead_scoring_data_pipeline/lead_scoring_data_pipeline.py', '--cfg-path', '/tmp/tmpj6dco5kt', '--error-file', '/tmp/tmpvu64p9nt']
[2024-01-07 14:47:49,474] {standard_task_runner.py:80} INFO - Job 8: Subtask loading_data
[2024-01-07 14:47:49,541] {task_command.py:371} INFO - Running <TaskInstance: Lead_Scoring_Data_Engineering_Pipeline.loading_data scheduled__2024-01-06T00:00:00+00:00 [running]> on host b7effb8babf7
[2024-01-07 14:47:49,614] {taskinstance.py:1589} INFO - Exporting the following env vars:
AIRFLOW_CTX_DAG_OWNER=airflow
AIRFLOW_CTX_DAG_ID=Lead_Scoring_Data_Engineering_Pipeline
AIRFLOW_CTX_TASK_ID=loading_data
AIRFLOW_CTX_EXECUTION_DATE=2024-01-06T00:00:00+00:00
AIRFLOW_CTX_TRY_NUMBER=1
AIRFLOW_CTX_DAG_RUN_ID=scheduled__2024-01-06T00:00:00+00:00
[2024-01-07 14:47:49,620] {logging_mixin.py:115} INFO - Loading data from /home/dags/lead_scoring_data_pipeline/data/leadscoring.csv
[2024-01-07 14:47:50,207] {logging_mixin.py:115} INFO - Processing total_leads_dropped and referred_lead columns
[2024-01-07 14:47:50,250] {logging_mixin.py:115} INFO - Storing processed df to loaded_data table
[2024-01-07 14:47:55,032] {python.py:173} INFO - Done. Returned value was: None
[2024-01-07 14:47:55,048] {taskinstance.py:1415} INFO - Marking task as SUCCESS. dag_id=Lead_Scoring_Data_Engineering_Pipeline, task_id=loading_data, execution_date=20240106T000000, start_date=20240107T144749, end_date=20240107T144755
[2024-01-07 14:47:55,092] {local_task_job.py:156} INFO - Task exited with return code 0
[2024-01-07 14:47:55,137] {local_task_job.py:273} INFO - 1 downstream tasks scheduled from follow-on schedule check
